<?xml version="1.0" encoding="utf-8"?>
<CoverageSession xmlns:xsd="http://www.w3.org/2001/XMLSchema" xmlns:xsi="http://www.w3.org/2001/XMLSchema-instance" Version="0.0.0.0">
  <Summary numSequencePoints="1814" visitedSequencePoints="650" numBranchPoints="0" visitedBranchPoints="0" sequenceCoverage="35.83" branchCoverage="0.0" maxCyclomaticComplexity="0" minCyclomaticComplexity="0" maxCrapScore="0" minCrapScore="0" visitedClasses="22" numClasses="45" visitedMethods="61" numMethods="149" />
  <Modules>
    <Module>
      <Summary numSequencePoints="364" visitedSequencePoints="0" numBranchPoints="0" visitedBranchPoints="0" sequenceCoverage="0.0" branchCoverage="0.0" maxCyclomaticComplexity="0" minCyclomaticComplexity="0" maxCrapScore="0" minCrapScore="0" visitedClasses="0" numClasses="6" visitedMethods="0" numMethods="31" />
      <ModuleTime>0001-01-01T00:00:00</ModuleTime>
      <ModuleName>Assembly-CSharp</ModuleName>
      <Files>
        <File uid="1" fullPath="/Users/juliaorenstein/Unity/Maj/Assets/Photon/Fusion/Scripts/FusionGraph.cs" />
        <File uid="2" fullPath="/Users/juliaorenstein/Unity/Maj/Assets/Photon/Fusion/Scripts/FusionStats.cs" />
        <File uid="3" fullPath="/Users/juliaorenstein/Unity/Maj/Assets/Photon/Fusion/Scripts/FusionStats/FusionGraphBase.cs" />
        <File uid="4" fullPath="/Users/juliaorenstein/Unity/Maj/Assets/Photon/Fusion/Scripts/FusionStats/FusionStatsBillboard.cs" />
        <File uid="5" fullPath="/Users/juliaorenstein/Unity/Maj/Assets/Photon/Fusion/Scripts/FusionStats/FusionStatsMeterBar.cs" />
        <File uid="6" fullPath="/Users/juliaorenstein/Unity/Maj/Assets/Photon/Fusion/Scripts/FusionStats/FusionStatsObjectIds.cs" />
        <File uid="7" fullPath="/Users/juliaorenstein/Unity/Maj/Assets/Photon/Fusion/Scripts/Prototyping/AreaOfInterest/PlayerAOIPrototype.cs" />
        <File uid="8" fullPath="/Users/juliaorenstein/Unity/Maj/Assets/Photon/Fusion/Scripts/Prototyping/ControllerPrototype.cs" />
        <File uid="9" fullPath="/Users/juliaorenstein/Unity/Maj/Assets/Photon/Fusion/Scripts/Prototyping/InputBehaviourPrototype.cs" />
        <File uid="10" fullPath="/Users/juliaorenstein/Unity/Maj/Assets/Photon/Fusion/Scripts/Prototyping/Materials/FusionPrototypeMaterials.cs" />
        <File uid="11" fullPath="/Users/juliaorenstein/Unity/Maj/Assets/Photon/Fusion/Scripts/Prototyping/Materials/FusionPrototypingTextures.cs" />
        <File uid="12" fullPath="/Users/juliaorenstein/Unity/Maj/Assets/Photon/Fusion/Scripts/Prototyping/NetworkCharacterControllerPrototype.cs" />
        <File uid="13" fullPath="/Users/juliaorenstein/Unity/Maj/Assets/Photon/Fusion/Scripts/Prototyping/NetworkDebugStart.cs" />
        <File uid="14" fullPath="/Users/juliaorenstein/Unity/Maj/Assets/Photon/Fusion/Scripts/Prototyping/NetworkDebugStartGUI.cs" />
        <File uid="15" fullPath="/Users/juliaorenstein/Unity/Maj/Assets/Photon/Fusion/Scripts/Prototyping/PlayerSpawnerPrototype.cs" />
        <File uid="16" fullPath="/Users/juliaorenstein/Unity/Maj/Assets/Photon/Fusion/Scripts/Prototyping/Prefabs/FusionPrototypingPrefabs.cs" />
        <File uid="17" fullPath="/Users/juliaorenstein/Unity/Maj/Assets/Photon/Fusion/Scripts/Prototyping/SpawnPoints/PlayerSpawnPointPrototype.cs" />
        <File uid="18" fullPath="/Users/juliaorenstein/Unity/Maj/Assets/Photon/Fusion/Scripts/Prototyping/SpawnPoints/SpawnerPrototypeT.cs" />
        <File uid="19" fullPath="/Users/juliaorenstein/Unity/Maj/Assets/Photon/Fusion/Scripts/Prototyping/SpawnPoints/SpawnPointManagerPrototype.cs" />
        <File uid="20" fullPath="/Users/juliaorenstein/Unity/Maj/Assets/Photon/Fusion/Scripts/Prototyping/ToggleRunnerProvideInput.cs" />
        <File uid="21" fullPath="/Users/juliaorenstein/Unity/Maj/Assets/Photon/Fusion/Scripts/Prototyping/ToggleRunnerVisibility.cs" />
        <File uid="22" fullPath="/Users/juliaorenstein/Unity/Maj/Assets/Photon/Fusion/Scripts/Prototyping/Utilities/FusionScalableIMGUI.cs" />
        <File uid="23" fullPath="/Users/juliaorenstein/Unity/Maj/Assets/TextMesh Pro/Examples &amp; Extras/Scripts/ChatController.cs" />
        <File uid="24" fullPath="/Users/juliaorenstein/Unity/Maj/Assets/TextMesh Pro/Examples &amp; Extras/Scripts/DropdownSample.cs" />
        <File uid="25" fullPath="/Users/juliaorenstein/Unity/Maj/Assets/TextMesh Pro/Examples &amp; Extras/Scripts/EnvMapAnimator.cs" />
        <File uid="26" fullPath="/Users/juliaorenstein/Unity/Maj/Assets/TextMesh Pro/Examples &amp; Extras/Scripts/TMP_DigitValidator.cs" />
        <File uid="27" fullPath="/Users/juliaorenstein/Unity/Maj/Assets/TextMesh Pro/Examples &amp; Extras/Scripts/TMP_PhoneNumberValidator.cs" />
        <File uid="28" fullPath="/Users/juliaorenstein/Unity/Maj/Assets/TextMesh Pro/Examples &amp; Extras/Scripts/TMP_TextEventHandler.cs" />
        <File uid="29" fullPath="/Users/juliaorenstein/Unity/Maj/Assets/TextMesh Pro/Examples &amp; Extras/Scripts/Benchmark01.cs" />
        <File uid="30" fullPath="/Users/juliaorenstein/Unity/Maj/Assets/TextMesh Pro/Examples &amp; Extras/Scripts/Benchmark01_UGUI.cs" />
        <File uid="31" fullPath="/Users/juliaorenstein/Unity/Maj/Assets/TextMesh Pro/Examples &amp; Extras/Scripts/Benchmark02.cs" />
        <File uid="32" fullPath="/Users/juliaorenstein/Unity/Maj/Assets/TextMesh Pro/Examples &amp; Extras/Scripts/Benchmark03.cs" />
        <File uid="33" fullPath="/Users/juliaorenstein/Unity/Maj/Assets/TextMesh Pro/Examples &amp; Extras/Scripts/Benchmark04.cs" />
        <File uid="34" fullPath="/Users/juliaorenstein/Unity/Maj/Assets/TextMesh Pro/Examples &amp; Extras/Scripts/CameraController.cs" />
        <File uid="35" fullPath="/Users/juliaorenstein/Unity/Maj/Assets/TextMesh Pro/Examples &amp; Extras/Scripts/ObjectSpin.cs" />
        <File uid="36" fullPath="/Users/juliaorenstein/Unity/Maj/Assets/TextMesh Pro/Examples &amp; Extras/Scripts/ShaderPropAnimator.cs" />
        <File uid="37" fullPath="/Users/juliaorenstein/Unity/Maj/Assets/TextMesh Pro/Examples &amp; Extras/Scripts/SimpleScript.cs" />
        <File uid="38" fullPath="/Users/juliaorenstein/Unity/Maj/Assets/TextMesh Pro/Examples &amp; Extras/Scripts/SkewTextExample.cs" />
        <File uid="39" fullPath="/Users/juliaorenstein/Unity/Maj/Assets/TextMesh Pro/Examples &amp; Extras/Scripts/TeleType.cs" />
        <File uid="40" fullPath="/Users/juliaorenstein/Unity/Maj/Assets/TextMesh Pro/Examples &amp; Extras/Scripts/TextConsoleSimulator.cs" />
        <File uid="41" fullPath="/Users/juliaorenstein/Unity/Maj/Assets/TextMesh Pro/Examples &amp; Extras/Scripts/TextMeshProFloatingText.cs" />
        <File uid="42" fullPath="/Users/juliaorenstein/Unity/Maj/Assets/TextMesh Pro/Examples &amp; Extras/Scripts/TextMeshSpawner.cs" />
        <File uid="43" fullPath="/Users/juliaorenstein/Unity/Maj/Assets/TextMesh Pro/Examples &amp; Extras/Scripts/TMPro_InstructionOverlay.cs" />
        <File uid="44" fullPath="/Users/juliaorenstein/Unity/Maj/Assets/TextMesh Pro/Examples &amp; Extras/Scripts/TMP_ExampleScript_01.cs" />
        <File uid="45" fullPath="/Users/juliaorenstein/Unity/Maj/Assets/TextMesh Pro/Examples &amp; Extras/Scripts/TMP_FrameRateCounter.cs" />
        <File uid="46" fullPath="/Users/juliaorenstein/Unity/Maj/Assets/TextMesh Pro/Examples &amp; Extras/Scripts/TMP_TextEventCheck.cs" />
        <File uid="47" fullPath="/Users/juliaorenstein/Unity/Maj/Assets/TextMesh Pro/Examples &amp; Extras/Scripts/TMP_TextInfoDebugTool.cs" />
        <File uid="48" fullPath="/Users/juliaorenstein/Unity/Maj/Assets/TextMesh Pro/Examples &amp; Extras/Scripts/TMP_TextSelector_A.cs" />
        <File uid="49" fullPath="/Users/juliaorenstein/Unity/Maj/Assets/TextMesh Pro/Examples &amp; Extras/Scripts/TMP_TextSelector_B.cs" />
        <File uid="50" fullPath="/Users/juliaorenstein/Unity/Maj/Assets/TextMesh Pro/Examples &amp; Extras/Scripts/TMP_UiFrameRateCounter.cs" />
        <File uid="51" fullPath="/Users/juliaorenstein/Unity/Maj/Assets/TextMesh Pro/Examples &amp; Extras/Scripts/VertexColorCycler.cs" />
        <File uid="52" fullPath="/Users/juliaorenstein/Unity/Maj/Assets/TextMesh Pro/Examples &amp; Extras/Scripts/VertexJitter.cs" />
        <File uid="53" fullPath="/Users/juliaorenstein/Unity/Maj/Assets/TextMesh Pro/Examples &amp; Extras/Scripts/VertexShakeA.cs" />
        <File uid="54" fullPath="/Users/juliaorenstein/Unity/Maj/Assets/TextMesh Pro/Examples &amp; Extras/Scripts/VertexShakeB.cs" />
        <File uid="55" fullPath="/Users/juliaorenstein/Unity/Maj/Assets/TextMesh Pro/Examples &amp; Extras/Scripts/VertexZoom.cs" />
        <File uid="56" fullPath="/Users/juliaorenstein/Unity/Maj/Assets/TextMesh Pro/Examples &amp; Extras/Scripts/WarpTextExample.cs" />
        <File uid="57" fullPath="/Users/juliaorenstein/Unity/Maj/Assets/Photon/Fusion/Scripts/Prototyping/Utilities/FusionPrototypingAssetUtils.cs" />
        <File uid="58" fullPath="/Users/juliaorenstein/Unity/Maj/Assets/Photon/Fusion/Scripts/FusionRuntimeCheck.cs" />
        <File uid="59" fullPath="/Users/juliaorenstein/Unity/Maj/Assets/Photon/Fusion/Scripts/FusionUnityLogger.cs" />
        <File uid="60" fullPath="/Users/juliaorenstein/Unity/Maj/Assets/Photon/Fusion/Scripts/Prototyping/NetworkRunnerExtensions.cs" />
        <File uid="61" fullPath="/Users/juliaorenstein/Unity/Maj/Assets/Photon/Fusion/Scripts/Prototyping/NetworkSceneManagerBase.cs" />
        <File uid="62" fullPath="/Users/juliaorenstein/Unity/Maj/Assets/Photon/Fusion/Scripts/Prototyping/NetworkSceneManagerDefault.cs" />
        <File uid="63" fullPath="/Users/juliaorenstein/Unity/Maj/Assets/Photon/Fusion/Scripts/Prototyping/Utilities/FusionUnitySceneManagerUtils.cs" />
        <File uid="64" fullPath="/Users/juliaorenstein/Unity/Maj/Assets/Photon/Fusion/Scripts/Utilities/BoundsTools.cs" />
        <File uid="65" fullPath="/Users/juliaorenstein/Unity/Maj/Assets/Photon/Fusion/Scripts/Utilities/FusionEditorUtilitiesExternal.cs" />
        <File uid="66" fullPath="/Users/juliaorenstein/Unity/Maj/Assets/Photon/Fusion/Scripts/Prototyping/Assistants/FusionAssistants.cs" />
        <File uid="67" fullPath="/Users/juliaorenstein/Unity/Maj/Assets/Photon/Fusion/Scripts/Prototyping/Assistants/FusionSceneSetupAssistants.cs" />
        <File uid="68" fullPath="/Users/juliaorenstein/Unity/Maj/Assets/Photon/Fusion/Scripts/FusionStats/FusionStatsUtilities.cs" />
      </Files>
      <Classes>
        <Class>
          <Summary numSequencePoints="44" visitedSequencePoints="0" numBranchPoints="0" visitedBranchPoints="0" sequenceCoverage="0.0" branchCoverage="0.0" maxCyclomaticComplexity="0" minCyclomaticComplexity="0" maxCrapScore="0" minCrapScore="0" visitedClasses="0" numClasses="1" visitedMethods="0" numMethods="2" />
          <FullName>NetworkDebugStartGUI</FullName>
          <Methods>
            <Method visited="false" cyclomaticComplexity="0" nPathComplexity="0" sequenceCoverage="0.0" branchCoverage="0" crapScore="0" isConstructor="false" isStatic="true" isGetter="false" isSetter="false">
              <Summary numSequencePoints="36" visitedSequencePoints="0" numBranchPoints="0" visitedBranchPoints="0" sequenceCoverage="0.0" branchCoverage="0" maxCyclomaticComplexity="0" minCyclomaticComplexity="0" maxCrapScore="0" minCrapScore="0" visitedClasses="0" numClasses="0" visitedMethods="0" numMethods="1" />
              <MetadataToken>100663594</MetadataToken>
              <Name>static System.Collections.Generic.Dictionary[T,String] NetworkDebugStartGUI::ConvertEnumToNicifiedNameLookup[T](System.String, System.Collections.Generic.Dictionary[T,String])</Name>
              <FileRef uid="14" />
              <SequencePoints>
                <SequencePoint vc="0" uspid="25575" ordinal="0" offset="0" sl="313" sc="0" el="313" ec="0" bec="0" bev="0" fileid="14" />
                <SequencePoint vc="0" uspid="25576" ordinal="0" offset="1" sl="315" sc="0" el="315" ec="0" bec="0" bev="0" fileid="14" />
                <SequencePoint vc="0" uspid="25577" ordinal="0" offset="7" sl="317" sc="0" el="317" ec="0" bec="0" bev="0" fileid="14" />
                <SequencePoint vc="0" uspid="25578" ordinal="0" offset="15" sl="317" sc="0" el="317" ec="0" bec="0" bev="0" fileid="14" />
                <SequencePoint vc="0" uspid="25579" ordinal="0" offset="16" sl="318" sc="0" el="318" ec="0" bec="0" bev="0" fileid="14" />
                <SequencePoint vc="0" uspid="25580" ordinal="0" offset="23" sl="319" sc="0" el="319" ec="0" bec="0" bev="0" fileid="14" />
                <SequencePoint vc="0" uspid="25581" ordinal="0" offset="26" sl="319" sc="0" el="319" ec="0" bec="0" bev="0" fileid="14" />
                <SequencePoint vc="0" uspid="25582" ordinal="0" offset="27" sl="320" sc="0" el="320" ec="0" bec="0" bev="0" fileid="14" />
                <SequencePoint vc="0" uspid="25583" ordinal="0" offset="34" sl="321" sc="0" el="321" ec="0" bec="0" bev="0" fileid="14" />
                <SequencePoint vc="0" uspid="25584" ordinal="0" offset="35" sl="323" sc="0" el="323" ec="0" bec="0" bev="0" fileid="14" />
                <SequencePoint vc="0" uspid="25585" ordinal="0" offset="51" sl="324" sc="0" el="324" ec="0" bec="0" bev="0" fileid="14" />
                <SequencePoint vc="0" uspid="25586" ordinal="0" offset="67" sl="325" sc="0" el="325" ec="0" bec="0" bev="0" fileid="14" />
                <SequencePoint vc="0" uspid="25587" ordinal="0" offset="70" sl="325" sc="0" el="325" ec="0" bec="0" bev="0" fileid="14" />
                <SequencePoint vc="0" uspid="25588" ordinal="0" offset="80" sl="325" sc="0" el="325" ec="0" bec="0" bev="0" fileid="14" />
                <SequencePoint vc="0" uspid="25589" ordinal="0" offset="81" sl="326" sc="0" el="326" ec="0" bec="0" bev="0" fileid="14" />
                <SequencePoint vc="0" uspid="25590" ordinal="0" offset="88" sl="327" sc="0" el="327" ec="0" bec="0" bev="0" fileid="14" />
                <SequencePoint vc="0" uspid="25591" ordinal="0" offset="98" sl="327" sc="0" el="327" ec="0" bec="0" bev="0" fileid="14" />
                <SequencePoint vc="0" uspid="25592" ordinal="0" offset="99" sl="328" sc="0" el="328" ec="0" bec="0" bev="0" fileid="14" />
                <SequencePoint vc="0" uspid="25593" ordinal="0" offset="107" sl="329" sc="0" el="329" ec="0" bec="0" bev="0" fileid="14" />
                <SequencePoint vc="0" uspid="25594" ordinal="0" offset="108" sl="330" sc="0" el="330" ec="0" bec="0" bev="0" fileid="14" />
                <SequencePoint vc="0" uspid="25595" ordinal="0" offset="114" sl="331" sc="0" el="331" ec="0" bec="0" bev="0" fileid="14" />
                <SequencePoint vc="0" uspid="25596" ordinal="0" offset="119" sl="331" sc="0" el="331" ec="0" bec="0" bev="0" fileid="14" />
                <SequencePoint vc="0" uspid="25597" ordinal="0" offset="120" sl="334" sc="0" el="334" ec="0" bec="0" bev="0" fileid="14" />
                <SequencePoint vc="0" uspid="25598" ordinal="0" offset="150" sl="334" sc="0" el="334" ec="0" bec="0" bev="0" fileid="14" />
                <SequencePoint vc="0" uspid="25599" ordinal="0" offset="151" sl="335" sc="0" el="335" ec="0" bec="0" bev="0" fileid="14" />
                <SequencePoint vc="0" uspid="25600" ordinal="0" offset="163" sl="336" sc="0" el="336" ec="0" bec="0" bev="0" fileid="14" />
                <SequencePoint vc="0" uspid="25601" ordinal="0" offset="164" sl="339" sc="0" el="339" ec="0" bec="0" bev="0" fileid="14" />
                <SequencePoint vc="0" uspid="25602" ordinal="0" offset="180" sl="340" sc="0" el="340" ec="0" bec="0" bev="0" fileid="14" />
                <SequencePoint vc="0" uspid="25603" ordinal="0" offset="181" sl="331" sc="0" el="331" ec="0" bec="0" bev="0" fileid="14" />
                <SequencePoint vc="0" uspid="25604" ordinal="0" offset="187" sl="331" sc="0" el="331" ec="0" bec="0" bev="0" fileid="14" />
                <SequencePoint vc="0" uspid="25605" ordinal="0" offset="204" sl="341" sc="0" el="341" ec="0" bec="0" bev="0" fileid="14" />
                <SequencePoint vc="0" uspid="25606" ordinal="0" offset="230" sl="342" sc="0" el="342" ec="0" bec="0" bev="0" fileid="14" />
                <SequencePoint vc="0" uspid="25607" ordinal="0" offset="231" sl="325" sc="0" el="325" ec="0" bec="0" bev="0" fileid="14" />
                <SequencePoint vc="0" uspid="25608" ordinal="0" offset="237" sl="325" sc="0" el="325" ec="0" bec="0" bev="0" fileid="14" />
                <SequencePoint vc="0" uspid="25609" ordinal="0" offset="252" sl="343" sc="0" el="343" ec="0" bec="0" bev="0" fileid="14" />
                <SequencePoint vc="0" uspid="25610" ordinal="0" offset="257" sl="344" sc="0" el="344" ec="0" bec="0" bev="0" fileid="14" />
              </SequencePoints>
              <BranchPoints />
            </Method>
            <Method visited="false" cyclomaticComplexity="0" nPathComplexity="0" sequenceCoverage="0.0" branchCoverage="0" crapScore="0" isConstructor="false" isStatic="true" isGetter="false" isSetter="false">
              <Summary numSequencePoints="8" visitedSequencePoints="0" numBranchPoints="0" visitedBranchPoints="0" sequenceCoverage="0.0" branchCoverage="0" maxCyclomaticComplexity="0" minCyclomaticComplexity="0" maxCrapScore="0" minCrapScore="0" visitedClasses="0" numClasses="0" visitedMethods="0" numMethods="1" />
              <MetadataToken>100663595</MetadataToken>
              <Name>static T NetworkDebugStartGUI::GetAsset[T](System.String)</Name>
              <FileRef uid="14" />
              <SequencePoints>
                <SequencePoint vc="0" uspid="25611" ordinal="0" offset="0" sl="347" sc="0" el="347" ec="0" bec="0" bev="0" fileid="14" />
                <SequencePoint vc="0" uspid="25612" ordinal="0" offset="1" sl="348" sc="0" el="348" ec="0" bec="0" bev="0" fileid="14" />
                <SequencePoint vc="0" uspid="25613" ordinal="0" offset="8" sl="349" sc="0" el="349" ec="0" bec="0" bev="0" fileid="14" />
                <SequencePoint vc="0" uspid="25614" ordinal="0" offset="18" sl="349" sc="0" el="349" ec="0" bec="0" bev="0" fileid="14" />
                <SequencePoint vc="0" uspid="25615" ordinal="0" offset="19" sl="350" sc="0" el="350" ec="0" bec="0" bev="0" fileid="14" />
                <SequencePoint vc="0" uspid="25616" ordinal="0" offset="31" sl="351" sc="0" el="351" ec="0" bec="0" bev="0" fileid="14" />
                <SequencePoint vc="0" uspid="25617" ordinal="0" offset="32" sl="352" sc="0" el="352" ec="0" bec="0" bev="0" fileid="14" />
                <SequencePoint vc="0" uspid="25618" ordinal="0" offset="41" sl="354" sc="0" el="354" ec="0" bec="0" bev="0" fileid="14" />
              </SequencePoints>
              <BranchPoints />
            </Method>
          </Methods>
        </Class>
        <Class>
          <Summary numSequencePoints="109" visitedSequencePoints="0" numBranchPoints="0" visitedBranchPoints="0" sequenceCoverage="0.0" branchCoverage="0.0" maxCyclomaticComplexity="0" minCyclomaticComplexity="0" maxCrapScore="0" minCrapScore="0" visitedClasses="0" numClasses="1" visitedMethods="0" numMethods="15" />
          <FullName>SpawnerPrototype[T]</FullName>
          <Methods>
            <Method visited="false" cyclomaticComplexity="0" nPathComplexity="0" sequenceCoverage="0.0" branchCoverage="0" crapScore="0" isConstructor="false" isStatic="false" isGetter="true" isSetter="false">
              <Summary numSequencePoints="4" visitedSequencePoints="0" numBranchPoints="0" visitedBranchPoints="0" sequenceCoverage="0.0" branchCoverage="0" maxCyclomaticComplexity="0" minCyclomaticComplexity="0" maxCrapScore="0" minCrapScore="0" visitedClasses="0" numClasses="0" visitedMethods="0" numMethods="1" />
              <MetadataToken>100663612</MetadataToken>
              <Name>System.Boolean SpawnerPrototype[T]::get__AllowClientObjects()</Name>
              <FileRef uid="18" />
              <SequencePoints>
                <SequencePoint vc="0" uspid="25680" ordinal="0" offset="0" sl="35" sc="0" el="35" ec="0" bec="0" bev="0" fileid="18" />
                <SequencePoint vc="0" uspid="25681" ordinal="0" offset="1" sl="36" sc="0" el="36" ec="0" bec="0" bev="0" fileid="18" />
                <SequencePoint vc="0" uspid="25682" ordinal="0" offset="46" sl="37" sc="0" el="37" ec="0" bec="0" bev="0" fileid="18" />
                <SequencePoint vc="0" uspid="25683" ordinal="0" offset="63" sl="38" sc="0" el="38" ec="0" bec="0" bev="0" fileid="18" />
              </SequencePoints>
              <BranchPoints />
            </Method>
            <Method visited="false" cyclomaticComplexity="0" nPathComplexity="0" sequenceCoverage="0.0" branchCoverage="0" crapScore="0" isConstructor="false" isStatic="false" isGetter="false" isSetter="false">
              <Summary numSequencePoints="3" visitedSequencePoints="0" numBranchPoints="0" visitedBranchPoints="0" sequenceCoverage="0.0" branchCoverage="0" maxCyclomaticComplexity="0" minCyclomaticComplexity="0" maxCrapScore="0" minCrapScore="0" visitedClasses="0" numClasses="0" visitedMethods="0" numMethods="1" />
              <MetadataToken>100663613</MetadataToken>
              <Name>System.Void SpawnerPrototype[T]::Awake()</Name>
              <FileRef uid="18" />
              <SequencePoints>
                <SequencePoint vc="0" uspid="25684" ordinal="0" offset="0" sl="43" sc="0" el="43" ec="0" bec="0" bev="0" fileid="18" />
                <SequencePoint vc="0" uspid="25685" ordinal="0" offset="1" sl="44" sc="0" el="44" ec="0" bec="0" bev="0" fileid="18" />
                <SequencePoint vc="0" uspid="25686" ordinal="0" offset="13" sl="45" sc="0" el="45" ec="0" bec="0" bev="0" fileid="18" />
              </SequencePoints>
              <BranchPoints />
            </Method>
            <Method visited="false" cyclomaticComplexity="0" nPathComplexity="0" sequenceCoverage="0.0" branchCoverage="0" crapScore="0" isConstructor="false" isStatic="false" isGetter="false" isSetter="false">
              <Summary numSequencePoints="12" visitedSequencePoints="0" numBranchPoints="0" visitedBranchPoints="0" sequenceCoverage="0.0" branchCoverage="0" maxCyclomaticComplexity="0" minCyclomaticComplexity="0" maxCrapScore="0" minCrapScore="0" visitedClasses="0" numClasses="0" visitedMethods="0" numMethods="1" />
              <MetadataToken>100663614</MetadataToken>
              <Name>System.Void SpawnerPrototype[T]::Spawned()</Name>
              <FileRef uid="18" />
              <SequencePoints>
                <SequencePoint vc="0" uspid="25687" ordinal="0" offset="0" sl="47" sc="0" el="47" ec="0" bec="0" bev="0" fileid="18" />
                <SequencePoint vc="0" uspid="25688" ordinal="0" offset="1" sl="49" sc="0" el="49" ec="0" bec="0" bev="0" fileid="18" />
                <SequencePoint vc="0" uspid="25689" ordinal="0" offset="14" sl="50" sc="0" el="50" ec="0" bec="0" bev="0" fileid="18" />
                <SequencePoint vc="0" uspid="25690" ordinal="0" offset="16" sl="54" sc="0" el="54" ec="0" bec="0" bev="0" fileid="18" />
                <SequencePoint vc="0" uspid="25691" ordinal="0" offset="31" sl="54" sc="0" el="54" ec="0" bec="0" bev="0" fileid="18" />
                <SequencePoint vc="0" uspid="25692" ordinal="0" offset="32" sl="55" sc="0" el="55" ec="0" bec="0" bev="0" fileid="18" />
                <SequencePoint vc="0" uspid="25693" ordinal="0" offset="59" sl="55" sc="0" el="55" ec="0" bec="0" bev="0" fileid="18" />
                <SequencePoint vc="0" uspid="25694" ordinal="0" offset="60" sl="56" sc="0" el="56" ec="0" bec="0" bev="0" fileid="18" />
                <SequencePoint vc="0" uspid="25695" ordinal="0" offset="84" sl="57" sc="0" el="57" ec="0" bec="0" bev="0" fileid="18" />
                <SequencePoint vc="0" uspid="25696" ordinal="0" offset="103" sl="58" sc="0" el="58" ec="0" bec="0" bev="0" fileid="18" />
                <SequencePoint vc="0" uspid="25697" ordinal="0" offset="104" sl="59" sc="0" el="59" ec="0" bec="0" bev="0" fileid="18" />
                <SequencePoint vc="0" uspid="25698" ordinal="0" offset="105" sl="60" sc="0" el="60" ec="0" bec="0" bev="0" fileid="18" />
              </SequencePoints>
              <BranchPoints />
            </Method>
            <Method visited="false" cyclomaticComplexity="0" nPathComplexity="0" sequenceCoverage="0.0" branchCoverage="0" crapScore="0" isConstructor="false" isStatic="false" isGetter="false" isSetter="false">
              <Summary numSequencePoints="10" visitedSequencePoints="0" numBranchPoints="0" visitedBranchPoints="0" sequenceCoverage="0.0" branchCoverage="0" maxCyclomaticComplexity="0" minCyclomaticComplexity="0" maxCrapScore="0" minCrapScore="0" visitedClasses="0" numClasses="0" visitedMethods="0" numMethods="1" />
              <MetadataToken>100663615</MetadataToken>
              <Name>System.Void SpawnerPrototype[T]::SceneLoadDone()</Name>
              <FileRef uid="18" />
              <SequencePoints>
                <SequencePoint vc="0" uspid="25699" ordinal="0" offset="0" sl="62" sc="0" el="62" ec="0" bec="0" bev="0" fileid="18" />
                <SequencePoint vc="0" uspid="25700" ordinal="0" offset="1" sl="64" sc="0" el="64" ec="0" bec="0" bev="0" fileid="18" />
                <SequencePoint vc="0" uspid="25701" ordinal="0" offset="14" sl="65" sc="0" el="65" ec="0" bec="0" bev="0" fileid="18" />
                <SequencePoint vc="0" uspid="25702" ordinal="0" offset="16" sl="69" sc="0" el="69" ec="0" bec="0" bev="0" fileid="18" />
                <SequencePoint vc="0" uspid="25703" ordinal="0" offset="31" sl="70" sc="0" el="70" ec="0" bec="0" bev="0" fileid="18" />
                <SequencePoint vc="0" uspid="25704" ordinal="0" offset="33" sl="72" sc="0" el="72" ec="0" bec="0" bev="0" fileid="18" />
                <SequencePoint vc="0" uspid="25705" ordinal="0" offset="57" sl="73" sc="0" el="73" ec="0" bec="0" bev="0" fileid="18" />
                <SequencePoint vc="0" uspid="25706" ordinal="0" offset="59" sl="75" sc="0" el="75" ec="0" bec="0" bev="0" fileid="18" />
                <SequencePoint vc="0" uspid="25707" ordinal="0" offset="83" sl="76" sc="0" el="76" ec="0" bec="0" bev="0" fileid="18" />
                <SequencePoint vc="0" uspid="25708" ordinal="0" offset="102" sl="77" sc="0" el="77" ec="0" bec="0" bev="0" fileid="18" />
              </SequencePoints>
              <BranchPoints />
            </Method>
            <Method visited="false" cyclomaticComplexity="0" nPathComplexity="0" sequenceCoverage="0.0" branchCoverage="0" crapScore="0" isConstructor="false" isStatic="false" isGetter="false" isSetter="false">
              <Summary numSequencePoints="3" visitedSequencePoints="0" numBranchPoints="0" visitedBranchPoints="0" sequenceCoverage="0.0" branchCoverage="0" maxCyclomaticComplexity="0" minCyclomaticComplexity="0" maxCrapScore="0" minCrapScore="0" visitedClasses="0" numClasses="0" visitedMethods="0" numMethods="1" />
              <MetadataToken>100663616</MetadataToken>
              <Name>System.Void SpawnerPrototype[T]::PlayerJoined(Fusion.PlayerRef)</Name>
              <FileRef uid="18" />
              <SequencePoints>
                <SequencePoint vc="0" uspid="25709" ordinal="0" offset="0" sl="79" sc="0" el="79" ec="0" bec="0" bev="0" fileid="18" />
                <SequencePoint vc="0" uspid="25710" ordinal="0" offset="1" sl="80" sc="0" el="80" ec="0" bec="0" bev="0" fileid="18" />
                <SequencePoint vc="0" uspid="25711" ordinal="0" offset="15" sl="81" sc="0" el="81" ec="0" bec="0" bev="0" fileid="18" />
              </SequencePoints>
              <BranchPoints />
            </Method>
            <Method visited="false" cyclomaticComplexity="0" nPathComplexity="0" sequenceCoverage="0.0" branchCoverage="0" crapScore="0" isConstructor="false" isStatic="false" isGetter="false" isSetter="false">
              <Summary numSequencePoints="3" visitedSequencePoints="0" numBranchPoints="0" visitedBranchPoints="0" sequenceCoverage="0.0" branchCoverage="0" maxCyclomaticComplexity="0" minCyclomaticComplexity="0" maxCrapScore="0" minCrapScore="0" visitedClasses="0" numClasses="0" visitedMethods="0" numMethods="1" />
              <MetadataToken>100663617</MetadataToken>
              <Name>System.Void SpawnerPrototype[T]::PlayerLeft(Fusion.PlayerRef)</Name>
              <FileRef uid="18" />
              <SequencePoints>
                <SequencePoint vc="0" uspid="25712" ordinal="0" offset="0" sl="83" sc="0" el="83" ec="0" bec="0" bev="0" fileid="18" />
                <SequencePoint vc="0" uspid="25713" ordinal="0" offset="1" sl="84" sc="0" el="84" ec="0" bec="0" bev="0" fileid="18" />
                <SequencePoint vc="0" uspid="25714" ordinal="0" offset="15" sl="85" sc="0" el="85" ec="0" bec="0" bev="0" fileid="18" />
              </SequencePoints>
              <BranchPoints />
            </Method>
            <Method visited="false" cyclomaticComplexity="0" nPathComplexity="0" sequenceCoverage="0.0" branchCoverage="0" crapScore="0" isConstructor="false" isStatic="false" isGetter="false" isSetter="false">
              <Summary numSequencePoints="9" visitedSequencePoints="0" numBranchPoints="0" visitedBranchPoints="0" sequenceCoverage="0.0" branchCoverage="0" maxCyclomaticComplexity="0" minCyclomaticComplexity="0" maxCrapScore="0" minCrapScore="0" visitedClasses="0" numClasses="0" visitedMethods="0" numMethods="1" />
              <MetadataToken>100663618</MetadataToken>
              <Name>System.Void SpawnerPrototype[T]::PlayerJoined(Fusion.NetworkRunner, Fusion.PlayerRef)</Name>
              <FileRef uid="18" />
              <SequencePoints>
                <SequencePoint vc="0" uspid="25715" ordinal="0" offset="0" sl="87" sc="0" el="87" ec="0" bec="0" bev="0" fileid="18" />
                <SequencePoint vc="0" uspid="25716" ordinal="0" offset="1" sl="89" sc="0" el="89" ec="0" bec="0" bev="0" fileid="18" />
                <SequencePoint vc="0" uspid="25717" ordinal="0" offset="14" sl="90" sc="0" el="90" ec="0" bec="0" bev="0" fileid="18" />
                <SequencePoint vc="0" uspid="25718" ordinal="0" offset="16" sl="94" sc="0" el="94" ec="0" bec="0" bev="0" fileid="18" />
                <SequencePoint vc="0" uspid="25719" ordinal="0" offset="43" sl="94" sc="0" el="94" ec="0" bec="0" bev="0" fileid="18" />
                <SequencePoint vc="0" uspid="25720" ordinal="0" offset="44" sl="95" sc="0" el="95" ec="0" bec="0" bev="0" fileid="18" />
                <SequencePoint vc="0" uspid="25721" ordinal="0" offset="46" sl="98" sc="0" el="98" ec="0" bec="0" bev="0" fileid="18" />
                <SequencePoint vc="0" uspid="25722" ordinal="0" offset="55" sl="99" sc="0" el="99" ec="0" bec="0" bev="0" fileid="18" />
                <SequencePoint vc="0" uspid="25723" ordinal="0" offset="64" sl="100" sc="0" el="100" ec="0" bec="0" bev="0" fileid="18" />
              </SequencePoints>
              <BranchPoints />
            </Method>
            <Method visited="false" cyclomaticComplexity="0" nPathComplexity="0" sequenceCoverage="0.0" branchCoverage="0" crapScore="0" isConstructor="false" isStatic="false" isGetter="false" isSetter="false">
              <Summary numSequencePoints="4" visitedSequencePoints="0" numBranchPoints="0" visitedBranchPoints="0" sequenceCoverage="0.0" branchCoverage="0" maxCyclomaticComplexity="0" minCyclomaticComplexity="0" maxCrapScore="0" minCrapScore="0" visitedClasses="0" numClasses="0" visitedMethods="0" numMethods="1" />
              <MetadataToken>100663619</MetadataToken>
              <Name>System.Void SpawnerPrototype[T]::PlayerLeft(Fusion.NetworkRunner, Fusion.PlayerRef)</Name>
              <FileRef uid="18" />
              <SequencePoints>
                <SequencePoint vc="0" uspid="25724" ordinal="0" offset="0" sl="102" sc="0" el="102" ec="0" bec="0" bev="0" fileid="18" />
                <SequencePoint vc="0" uspid="25725" ordinal="0" offset="1" sl="103" sc="0" el="103" ec="0" bec="0" bev="0" fileid="18" />
                <SequencePoint vc="0" uspid="25726" ordinal="0" offset="10" sl="104" sc="0" el="104" ec="0" bec="0" bev="0" fileid="18" />
                <SequencePoint vc="0" uspid="25727" ordinal="0" offset="18" sl="105" sc="0" el="105" ec="0" bec="0" bev="0" fileid="18" />
              </SequencePoints>
              <BranchPoints />
            </Method>
            <Method visited="false" cyclomaticComplexity="0" nPathComplexity="0" sequenceCoverage="0.0" branchCoverage="0" crapScore="0" isConstructor="false" isStatic="false" isGetter="false" isSetter="false">
              <Summary numSequencePoints="12" visitedSequencePoints="0" numBranchPoints="0" visitedBranchPoints="0" sequenceCoverage="0.0" branchCoverage="0" maxCyclomaticComplexity="0" minCyclomaticComplexity="0" maxCrapScore="0" minCrapScore="0" visitedClasses="0" numClasses="0" visitedMethods="0" numMethods="1" />
              <MetadataToken>100663620</MetadataToken>
              <Name>Fusion.NetworkObject SpawnerPrototype[T]::TrySpawn(Fusion.NetworkRunner, Fusion.PlayerRef)</Name>
              <FileRef uid="18" />
              <SequencePoints>
                <SequencePoint vc="0" uspid="25728" ordinal="0" offset="0" sl="108" sc="0" el="108" ec="0" bec="0" bev="0" fileid="18" />
                <SequencePoint vc="0" uspid="25729" ordinal="0" offset="1" sl="110" sc="0" el="110" ec="0" bec="0" bev="0" fileid="18" />
                <SequencePoint vc="0" uspid="25730" ordinal="0" offset="31" sl="110" sc="0" el="110" ec="0" bec="0" bev="0" fileid="18" />
                <SequencePoint vc="0" uspid="25731" ordinal="0" offset="32" sl="111" sc="0" el="111" ec="0" bec="0" bev="0" fileid="18" />
                <SequencePoint vc="0" uspid="25732" ordinal="0" offset="36" sl="112" sc="0" el="112" ec="0" bec="0" bev="0" fileid="18" />
                <SequencePoint vc="0" uspid="25733" ordinal="0" offset="37" sl="115" sc="0" el="115" ec="0" bec="0" bev="0" fileid="18" />
                <SequencePoint vc="0" uspid="25734" ordinal="0" offset="63" sl="117" sc="0" el="117" ec="0" bec="0" bev="0" fileid="18" />
                <SequencePoint vc="0" uspid="25735" ordinal="0" offset="76" sl="118" sc="0" el="118" ec="0" bec="0" bev="0" fileid="18" />
                <SequencePoint vc="0" uspid="25736" ordinal="0" offset="83" sl="120" sc="0" el="120" ec="0" bec="0" bev="0" fileid="18" />
                <SequencePoint vc="0" uspid="25737" ordinal="0" offset="90" sl="121" sc="0" el="121" ec="0" bec="0" bev="0" fileid="18" />
                <SequencePoint vc="0" uspid="25738" ordinal="0" offset="98" sl="123" sc="0" el="123" ec="0" bec="0" bev="0" fileid="18" />
                <SequencePoint vc="0" uspid="25739" ordinal="0" offset="144" sl="125" sc="0" el="125" ec="0" bec="0" bev="0" fileid="18" />
              </SequencePoints>
              <BranchPoints />
            </Method>
            <Method visited="false" cyclomaticComplexity="0" nPathComplexity="0" sequenceCoverage="0.0" branchCoverage="0" crapScore="0" isConstructor="false" isStatic="false" isGetter="false" isSetter="false">
              <Summary numSequencePoints="18" visitedSequencePoints="0" numBranchPoints="0" visitedBranchPoints="0" sequenceCoverage="0.0" branchCoverage="0" maxCyclomaticComplexity="0" minCyclomaticComplexity="0" maxCrapScore="0" minCrapScore="0" visitedClasses="0" numClasses="0" visitedMethods="0" numMethods="1" />
              <MetadataToken>100663621</MetadataToken>
              <Name>System.Void SpawnerPrototype[T]::TrySpawnAll()</Name>
              <FileRef uid="18" />
              <SequencePoints>
                <SequencePoint vc="0" uspid="25740" ordinal="0" offset="0" sl="128" sc="0" el="128" ec="0" bec="0" bev="0" fileid="18" />
                <SequencePoint vc="0" uspid="25741" ordinal="0" offset="1" sl="129" sc="0" el="129" ec="0" bec="0" bev="0" fileid="18" />
                <SequencePoint vc="0" uspid="25742" ordinal="0" offset="9" sl="130" sc="0" el="130" ec="0" bec="0" bev="0" fileid="18" />
                <SequencePoint vc="0" uspid="25743" ordinal="0" offset="10" sl="131" sc="0" el="131" ec="0" bec="0" bev="0" fileid="18" />
                <SequencePoint vc="0" uspid="25744" ordinal="0" offset="18" sl="132" sc="0" el="132" ec="0" bec="0" bev="0" fileid="18" />
                <SequencePoint vc="0" uspid="25745" ordinal="0" offset="39" sl="132" sc="0" el="132" ec="0" bec="0" bev="0" fileid="18" />
                <SequencePoint vc="0" uspid="25746" ordinal="0" offset="40" sl="133" sc="0" el="133" ec="0" bec="0" bev="0" fileid="18" />
                <SequencePoint vc="0" uspid="25747" ordinal="0" offset="41" sl="133" sc="0" el="133" ec="0" bec="0" bev="0" fileid="18" />
                <SequencePoint vc="0" uspid="25748" ordinal="0" offset="55" sl="133" sc="0" el="133" ec="0" bec="0" bev="0" fileid="18" />
                <SequencePoint vc="0" uspid="25749" ordinal="0" offset="63" sl="133" sc="0" el="133" ec="0" bec="0" bev="0" fileid="18" />
                <SequencePoint vc="0" uspid="25750" ordinal="0" offset="64" sl="134" sc="0" el="134" ec="0" bec="0" bev="0" fileid="18" />
                <SequencePoint vc="0" uspid="25751" ordinal="0" offset="75" sl="135" sc="0" el="135" ec="0" bec="0" bev="0" fileid="18" />
                <SequencePoint vc="0" uspid="25752" ordinal="0" offset="86" sl="136" sc="0" el="136" ec="0" bec="0" bev="0" fileid="18" />
                <SequencePoint vc="0" uspid="25753" ordinal="0" offset="87" sl="133" sc="0" el="133" ec="0" bec="0" bev="0" fileid="18" />
                <SequencePoint vc="0" uspid="25754" ordinal="0" offset="108" sl="137" sc="0" el="137" ec="0" bec="0" bev="0" fileid="18" />
                <SequencePoint vc="0" uspid="25755" ordinal="0" offset="109" sl="138" sc="0" el="138" ec="0" bec="0" bev="0" fileid="18" />
                <SequencePoint vc="0" uspid="25756" ordinal="0" offset="110" sl="130" sc="0" el="130" ec="0" bec="0" bev="0" fileid="18" />
                <SequencePoint vc="0" uspid="25757" ordinal="0" offset="123" sl="139" sc="0" el="139" ec="0" bec="0" bev="0" fileid="18" />
              </SequencePoints>
              <BranchPoints />
            </Method>
            <Method visited="false" cyclomaticComplexity="0" nPathComplexity="0" sequenceCoverage="0.0" branchCoverage="0" crapScore="0" isConstructor="false" isStatic="false" isGetter="false" isSetter="false">
              <Summary numSequencePoints="10" visitedSequencePoints="0" numBranchPoints="0" visitedBranchPoints="0" sequenceCoverage="0.0" branchCoverage="0" maxCyclomaticComplexity="0" minCyclomaticComplexity="0" maxCrapScore="0" minCrapScore="0" visitedClasses="0" numClasses="0" visitedMethods="0" numMethods="1" />
              <MetadataToken>100663622</MetadataToken>
              <Name>System.Void SpawnerPrototype[T]::RegisterPlayerAndObject(Fusion.PlayerRef, Fusion.NetworkObject)</Name>
              <FileRef uid="18" />
              <SequencePoints>
                <SequencePoint vc="0" uspid="25758" ordinal="0" offset="0" sl="141" sc="0" el="141" ec="0" bec="0" bev="0" fileid="18" />
                <SequencePoint vc="0" uspid="25759" ordinal="0" offset="1" sl="142" sc="0" el="142" ec="0" bec="0" bev="0" fileid="18" />
                <SequencePoint vc="0" uspid="25760" ordinal="0" offset="22" sl="142" sc="0" el="142" ec="0" bec="0" bev="0" fileid="18" />
                <SequencePoint vc="0" uspid="25761" ordinal="0" offset="23" sl="143" sc="0" el="143" ec="0" bec="0" bev="0" fileid="18" />
                <SequencePoint vc="0" uspid="25762" ordinal="0" offset="29" sl="144" sc="0" el="144" ec="0" bec="0" bev="0" fileid="18" />
                <SequencePoint vc="0" uspid="25763" ordinal="0" offset="43" sl="145" sc="0" el="145" ec="0" bec="0" bev="0" fileid="18" />
                <SequencePoint vc="0" uspid="25764" ordinal="0" offset="44" sl="146" sc="0" el="146" ec="0" bec="0" bev="0" fileid="18" />
                <SequencePoint vc="0" uspid="25765" ordinal="0" offset="54" sl="147" sc="0" el="147" ec="0" bec="0" bev="0" fileid="18" />
                <SequencePoint vc="0" uspid="25766" ordinal="0" offset="62" sl="150" sc="0" el="150" ec="0" bec="0" bev="0" fileid="18" />
                <SequencePoint vc="0" uspid="25767" ordinal="0" offset="77" sl="151" sc="0" el="151" ec="0" bec="0" bev="0" fileid="18" />
              </SequencePoints>
              <BranchPoints />
            </Method>
            <Method visited="false" cyclomaticComplexity="0" nPathComplexity="0" sequenceCoverage="0.0" branchCoverage="0" crapScore="0" isConstructor="false" isStatic="false" isGetter="false" isSetter="false">
              <Summary numSequencePoints="15" visitedSequencePoints="0" numBranchPoints="0" visitedBranchPoints="0" sequenceCoverage="0.0" branchCoverage="0" maxCyclomaticComplexity="0" minCyclomaticComplexity="0" maxCrapScore="0" minCrapScore="0" visitedClasses="0" numClasses="0" visitedMethods="0" numMethods="1" />
              <MetadataToken>100663623</MetadataToken>
              <Name>System.Void SpawnerPrototype[T]::DespawnPlayersObjects(Fusion.NetworkRunner, Fusion.PlayerRef)</Name>
              <FileRef uid="18" />
              <SequencePoints>
                <SequencePoint vc="0" uspid="25768" ordinal="0" offset="0" sl="153" sc="0" el="153" ec="0" bec="0" bev="0" fileid="18" />
                <SequencePoint vc="0" uspid="25769" ordinal="0" offset="1" sl="154" sc="0" el="154" ec="0" bec="0" bev="0" fileid="18" />
                <SequencePoint vc="0" uspid="25770" ordinal="0" offset="17" sl="154" sc="0" el="154" ec="0" bec="0" bev="0" fileid="18" />
                <SequencePoint vc="0" uspid="25771" ordinal="0" offset="18" sl="155" sc="0" el="155" ec="0" bec="0" bev="0" fileid="18" />
                <SequencePoint vc="0" uspid="25772" ordinal="0" offset="31" sl="156" sc="0" el="156" ec="0" bec="0" bev="0" fileid="18" />
                <SequencePoint vc="0" uspid="25773" ordinal="0" offset="44" sl="156" sc="0" el="156" ec="0" bec="0" bev="0" fileid="18" />
                <SequencePoint vc="0" uspid="25774" ordinal="0" offset="45" sl="157" sc="0" el="157" ec="0" bec="0" bev="0" fileid="18" />
                <SequencePoint vc="0" uspid="25775" ordinal="0" offset="46" sl="157" sc="0" el="157" ec="0" bec="0" bev="0" fileid="18" />
                <SequencePoint vc="0" uspid="25776" ordinal="0" offset="55" sl="157" sc="0" el="157" ec="0" bec="0" bev="0" fileid="18" />
                <SequencePoint vc="0" uspid="25777" ordinal="0" offset="64" sl="158" sc="0" el="158" ec="0" bec="0" bev="0" fileid="18" />
                <SequencePoint vc="0" uspid="25778" ordinal="0" offset="74" sl="157" sc="0" el="157" ec="0" bec="0" bev="0" fileid="18" />
                <SequencePoint vc="0" uspid="25779" ordinal="0" offset="100" sl="159" sc="0" el="159" ec="0" bec="0" bev="0" fileid="18" />
                <SequencePoint vc="0" uspid="25780" ordinal="0" offset="101" sl="161" sc="0" el="161" ec="0" bec="0" bev="0" fileid="18" />
                <SequencePoint vc="0" uspid="25781" ordinal="0" offset="109" sl="162" sc="0" el="162" ec="0" bec="0" bev="0" fileid="18" />
                <SequencePoint vc="0" uspid="25782" ordinal="0" offset="110" sl="163" sc="0" el="163" ec="0" bec="0" bev="0" fileid="18" />
              </SequencePoints>
              <BranchPoints />
            </Method>
            <Method visited="false" cyclomaticComplexity="0" nPathComplexity="0" sequenceCoverage="0.0" branchCoverage="0" crapScore="0" isConstructor="false" isStatic="false" isGetter="false" isSetter="false">
              <Summary numSequencePoints="4" visitedSequencePoints="0" numBranchPoints="0" visitedBranchPoints="0" sequenceCoverage="0.0" branchCoverage="0" maxCyclomaticComplexity="0" minCyclomaticComplexity="0" maxCrapScore="0" minCrapScore="0" visitedClasses="0" numClasses="0" visitedMethods="0" numMethods="1" />
              <MetadataToken>100663624</MetadataToken>
              <Name>System.Void SpawnerPrototype[T]::UnregisterPlayer(Fusion.PlayerRef)</Name>
              <FileRef uid="18" />
              <SequencePoints>
                <SequencePoint vc="0" uspid="25783" ordinal="0" offset="0" sl="165" sc="0" el="165" ec="0" bec="0" bev="0" fileid="18" />
                <SequencePoint vc="0" uspid="25784" ordinal="0" offset="1" sl="166" sc="0" el="166" ec="0" bec="0" bev="0" fileid="18" />
                <SequencePoint vc="0" uspid="25785" ordinal="0" offset="17" sl="167" sc="0" el="167" ec="0" bec="0" bev="0" fileid="18" />
                <SequencePoint vc="0" uspid="25786" ordinal="0" offset="30" sl="168" sc="0" el="168" ec="0" bec="0" bev="0" fileid="18" />
              </SequencePoints>
              <BranchPoints />
            </Method>
            <Method visited="false" cyclomaticComplexity="0" nPathComplexity="0" sequenceCoverage="0.0" branchCoverage="0" crapScore="0" isConstructor="false" isStatic="false" isGetter="true" isSetter="false">
              <Summary numSequencePoints="1" visitedSequencePoints="0" numBranchPoints="0" visitedBranchPoints="0" sequenceCoverage="0.0" branchCoverage="0" maxCyclomaticComplexity="0" minCyclomaticComplexity="0" maxCrapScore="0" minCrapScore="0" visitedClasses="0" numClasses="0" visitedMethods="0" numMethods="1" />
              <MetadataToken>100663625</MetadataToken>
              <Name>System.Boolean SpawnerPrototype[T]::get__spawnPointManagerMissing()</Name>
              <FileRef uid="18" />
              <SequencePoints>
                <SequencePoint vc="0" uspid="25787" ordinal="0" offset="0" sl="173" sc="0" el="173" ec="0" bec="0" bev="0" fileid="18" />
              </SequencePoints>
              <BranchPoints />
            </Method>
            <Method visited="false" cyclomaticComplexity="0" nPathComplexity="0" sequenceCoverage="0.0" branchCoverage="0" crapScore="0" isConstructor="true" isStatic="false" isGetter="false" isSetter="false">
              <Summary numSequencePoints="1" visitedSequencePoints="0" numBranchPoints="0" visitedBranchPoints="0" sequenceCoverage="0.0" branchCoverage="0" maxCyclomaticComplexity="0" minCyclomaticComplexity="0" maxCrapScore="0" minCrapScore="0" visitedClasses="0" numClasses="0" visitedMethods="0" numMethods="1" />
              <MetadataToken>100663626</MetadataToken>
              <Name>SpawnerPrototype[T]::SpawnerPrototype()</Name>
              <FileRef uid="18" />
              <SequencePoints>
                <SequencePoint vc="0" uspid="25788" ordinal="0" offset="0" sl="9" sc="0" el="9" ec="0" bec="0" bev="0" fileid="18" />
              </SequencePoints>
              <BranchPoints />
            </Method>
          </Methods>
        </Class>
        <Class>
          <Summary numSequencePoints="96" visitedSequencePoints="0" numBranchPoints="0" visitedBranchPoints="0" sequenceCoverage="0.0" branchCoverage="0.0" maxCyclomaticComplexity="0" minCyclomaticComplexity="0" maxCrapScore="0" minCrapScore="0" visitedClasses="0" numClasses="1" visitedMethods="0" numMethods="8" />
          <FullName>SpawnPointManagerPrototype[T]</FullName>
          <Methods>
            <Method visited="false" cyclomaticComplexity="0" nPathComplexity="0" sequenceCoverage="0.0" branchCoverage="0" crapScore="0" isConstructor="false" isStatic="false" isGetter="false" isSetter="false">
              <Summary numSequencePoints="3" visitedSequencePoints="0" numBranchPoints="0" visitedBranchPoints="0" sequenceCoverage="0.0" branchCoverage="0" maxCyclomaticComplexity="0" minCyclomaticComplexity="0" maxCrapScore="0" minCrapScore="0" visitedClasses="0" numClasses="0" visitedMethods="0" numMethods="1" />
              <MetadataToken>100663627</MetadataToken>
              <Name>System.Void SpawnPointManagerPrototype[T]::Awake()</Name>
              <FileRef uid="19" />
              <SequencePoints>
                <SequencePoint vc="0" uspid="25789" ordinal="0" offset="0" sl="53" sc="0" el="53" ec="0" bec="0" bev="0" fileid="19" />
                <SequencePoint vc="0" uspid="25790" ordinal="0" offset="1" sl="54" sc="0" el="54" ec="0" bec="0" bev="0" fileid="19" />
                <SequencePoint vc="0" uspid="25791" ordinal="0" offset="13" sl="55" sc="0" el="55" ec="0" bec="0" bev="0" fileid="19" />
              </SequencePoints>
              <BranchPoints />
            </Method>
            <Method visited="false" cyclomaticComplexity="0" nPathComplexity="0" sequenceCoverage="0.0" branchCoverage="0" crapScore="0" isConstructor="false" isStatic="false" isGetter="false" isSetter="false">
              <Summary numSequencePoints="25" visitedSequencePoints="0" numBranchPoints="0" visitedBranchPoints="0" sequenceCoverage="0.0" branchCoverage="0" maxCyclomaticComplexity="0" minCyclomaticComplexity="0" maxCrapScore="0" minCrapScore="0" visitedClasses="0" numClasses="0" visitedMethods="0" numMethods="1" />
              <MetadataToken>100663628</MetadataToken>
              <Name>System.Void SpawnPointManagerPrototype[T]::DrawFoundSpawnPointCount()</Name>
              <FileRef uid="19" />
              <SequencePoints>
                <SequencePoint vc="0" uspid="25792" ordinal="0" offset="0" sl="59" sc="0" el="59" ec="0" bec="0" bev="0" fileid="19" />
                <SequencePoint vc="0" uspid="25793" ordinal="0" offset="1" sl="60" sc="0" el="60" ec="0" bec="0" bev="0" fileid="19" />
                <SequencePoint vc="0" uspid="25794" ordinal="0" offset="16" sl="60" sc="0" el="60" ec="0" bec="0" bev="0" fileid="19" />
                <SequencePoint vc="0" uspid="25795" ordinal="0" offset="17" sl="61" sc="0" el="61" ec="0" bec="0" bev="0" fileid="19" />
                <SequencePoint vc="0" uspid="25796" ordinal="0" offset="34" sl="62" sc="0" el="62" ec="0" bec="0" bev="0" fileid="19" />
                <SequencePoint vc="0" uspid="25797" ordinal="0" offset="45" sl="63" sc="0" el="63" ec="0" bec="0" bev="0" fileid="19" />
                <SequencePoint vc="0" uspid="25798" ordinal="0" offset="69" sl="63" sc="0" el="63" ec="0" bec="0" bev="0" fileid="19" />
                <SequencePoint vc="0" uspid="25799" ordinal="0" offset="70" sl="64" sc="0" el="64" ec="0" bec="0" bev="0" fileid="19" />
                <SequencePoint vc="0" uspid="25800" ordinal="0" offset="82" sl="65" sc="0" el="65" ec="0" bec="0" bev="0" fileid="19" />
                <SequencePoint vc="0" uspid="25801" ordinal="0" offset="94" sl="66" sc="0" el="66" ec="0" bec="0" bev="0" fileid="19" />
                <SequencePoint vc="0" uspid="25802" ordinal="0" offset="107" sl="67" sc="0" el="67" ec="0" bec="0" bev="0" fileid="19" />
                <SequencePoint vc="0" uspid="25803" ordinal="0" offset="108" sl="68" sc="0" el="68" ec="0" bec="0" bev="0" fileid="19" />
                <SequencePoint vc="0" uspid="25804" ordinal="0" offset="119" sl="70" sc="0" el="70" ec="0" bec="0" bev="0" fileid="19" />
                <SequencePoint vc="0" uspid="25805" ordinal="0" offset="126" sl="71" sc="0" el="71" ec="0" bec="0" bev="0" fileid="19" />
                <SequencePoint vc="0" uspid="25806" ordinal="0" offset="127" sl="71" sc="0" el="71" ec="0" bec="0" bev="0" fileid="19" />
                <SequencePoint vc="0" uspid="25807" ordinal="0" offset="141" sl="71" sc="0" el="71" ec="0" bec="0" bev="0" fileid="19" />
                <SequencePoint vc="0" uspid="25808" ordinal="0" offset="150" sl="71" sc="0" el="71" ec="0" bec="0" bev="0" fileid="19" />
                <SequencePoint vc="0" uspid="25809" ordinal="0" offset="151" sl="72" sc="0" el="72" ec="0" bec="0" bev="0" fileid="19" />
                <SequencePoint vc="0" uspid="25810" ordinal="0" offset="182" sl="73" sc="0" el="73" ec="0" bec="0" bev="0" fileid="19" />
                <SequencePoint vc="0" uspid="25811" ordinal="0" offset="183" sl="71" sc="0" el="71" ec="0" bec="0" bev="0" fileid="19" />
                <SequencePoint vc="0" uspid="25812" ordinal="0" offset="209" sl="74" sc="0" el="74" ec="0" bec="0" bev="0" fileid="19" />
                <SequencePoint vc="0" uspid="25813" ordinal="0" offset="215" sl="76" sc="0" el="76" ec="0" bec="0" bev="0" fileid="19" />
                <SequencePoint vc="0" uspid="25814" ordinal="0" offset="267" sl="77" sc="0" el="77" ec="0" bec="0" bev="0" fileid="19" />
                <SequencePoint vc="0" uspid="25815" ordinal="0" offset="273" sl="78" sc="0" el="78" ec="0" bec="0" bev="0" fileid="19" />
                <SequencePoint vc="0" uspid="25816" ordinal="0" offset="274" sl="79" sc="0" el="79" ec="0" bec="0" bev="0" fileid="19" />
              </SequencePoints>
              <BranchPoints />
            </Method>
            <Method visited="false" cyclomaticComplexity="0" nPathComplexity="0" sequenceCoverage="0.0" branchCoverage="0" crapScore="0" isConstructor="false" isStatic="false" isGetter="false" isSetter="false">
              <Summary numSequencePoints="4" visitedSequencePoints="0" numBranchPoints="0" visitedBranchPoints="0" sequenceCoverage="0.0" branchCoverage="0" maxCyclomaticComplexity="0" minCyclomaticComplexity="0" maxCrapScore="0" minCrapScore="0" visitedClasses="0" numClasses="0" visitedMethods="0" numMethods="1" />
              <MetadataToken>100663629</MetadataToken>
              <Name>System.Void SpawnPointManagerPrototype[T]::CollectSpawnPoints(Fusion.NetworkRunner)</Name>
              <FileRef uid="19" />
              <SequencePoints>
                <SequencePoint vc="0" uspid="25817" ordinal="0" offset="0" sl="87" sc="0" el="87" ec="0" bec="0" bev="0" fileid="19" />
                <SequencePoint vc="0" uspid="25818" ordinal="0" offset="1" sl="88" sc="0" el="88" ec="0" bec="0" bev="0" fileid="19" />
                <SequencePoint vc="0" uspid="25819" ordinal="0" offset="13" sl="89" sc="0" el="89" ec="0" bec="0" bev="0" fileid="19" />
                <SequencePoint vc="0" uspid="25820" ordinal="0" offset="37" sl="90" sc="0" el="90" ec="0" bec="0" bev="0" fileid="19" />
              </SequencePoints>
              <BranchPoints />
            </Method>
            <Method visited="false" cyclomaticComplexity="0" nPathComplexity="0" sequenceCoverage="0.0" branchCoverage="0" crapScore="0" isConstructor="false" isStatic="false" isGetter="false" isSetter="false">
              <Summary numSequencePoints="33" visitedSequencePoints="0" numBranchPoints="0" visitedBranchPoints="0" sequenceCoverage="0.0" branchCoverage="0" maxCyclomaticComplexity="0" minCyclomaticComplexity="0" maxCrapScore="0" minCrapScore="0" visitedClasses="0" numClasses="0" visitedMethods="0" numMethods="1" />
              <MetadataToken>100663630</MetadataToken>
              <Name>UnityEngine.Transform SpawnPointManagerPrototype[T]::GetNextSpawnPoint(Fusion.NetworkRunner, Fusion.PlayerRef, System.Boolean)</Name>
              <FileRef uid="19" />
              <SequencePoints>
                <SequencePoint vc="0" uspid="25821" ordinal="0" offset="0" sl="95" sc="0" el="95" ec="0" bec="0" bev="0" fileid="19" />
                <SequencePoint vc="0" uspid="25822" ordinal="0" offset="1" sl="97" sc="0" el="97" ec="0" bec="0" bev="0" fileid="19" />
                <SequencePoint vc="0" uspid="25823" ordinal="0" offset="9" sl="99" sc="0" el="99" ec="0" bec="0" bev="0" fileid="19" />
                <SequencePoint vc="0" uspid="25824" ordinal="0" offset="21" sl="101" sc="0" el="101" ec="0" bec="0" bev="0" fileid="19" />
                <SequencePoint vc="0" uspid="25825" ordinal="0" offset="40" sl="102" sc="0" el="102" ec="0" bec="0" bev="0" fileid="19" />
                <SequencePoint vc="0" uspid="25826" ordinal="0" offset="48" sl="106" sc="0" el="106" ec="0" bec="0" bev="0" fileid="19" />
                <SequencePoint vc="0" uspid="25827" ordinal="0" offset="63" sl="106" sc="0" el="106" ec="0" bec="0" bev="0" fileid="19" />
                <SequencePoint vc="0" uspid="25828" ordinal="0" offset="64" sl="107" sc="0" el="107" ec="0" bec="0" bev="0" fileid="19" />
                <SequencePoint vc="0" uspid="25829" ordinal="0" offset="73" sl="108" sc="0" el="108" ec="0" bec="0" bev="0" fileid="19" />
                <SequencePoint vc="0" uspid="25830" ordinal="0" offset="86" sl="109" sc="0" el="109" ec="0" bec="0" bev="0" fileid="19" />
                <SequencePoint vc="0" uspid="25831" ordinal="0" offset="89" sl="110" sc="0" el="110" ec="0" bec="0" bev="0" fileid="19" />
                <SequencePoint vc="0" uspid="25832" ordinal="0" offset="104" sl="110" sc="0" el="110" ec="0" bec="0" bev="0" fileid="19" />
                <SequencePoint vc="0" uspid="25833" ordinal="0" offset="105" sl="111" sc="0" el="111" ec="0" bec="0" bev="0" fileid="19" />
                <SequencePoint vc="0" uspid="25834" ordinal="0" offset="116" sl="112" sc="0" el="112" ec="0" bec="0" bev="0" fileid="19" />
                <SequencePoint vc="0" uspid="25835" ordinal="0" offset="129" sl="113" sc="0" el="113" ec="0" bec="0" bev="0" fileid="19" />
                <SequencePoint vc="0" uspid="25836" ordinal="0" offset="132" sl="113" sc="0" el="113" ec="0" bec="0" bev="0" fileid="19" />
                <SequencePoint vc="0" uspid="25837" ordinal="0" offset="133" sl="114" sc="0" el="114" ec="0" bec="0" bev="0" fileid="19" />
                <SequencePoint vc="0" uspid="25838" ordinal="0" offset="147" sl="115" sc="0" el="115" ec="0" bec="0" bev="0" fileid="19" />
                <SequencePoint vc="0" uspid="25839" ordinal="0" offset="160" sl="116" sc="0" el="116" ec="0" bec="0" bev="0" fileid="19" />
                <SequencePoint vc="0" uspid="25840" ordinal="0" offset="161" sl="119" sc="0" el="119" ec="0" bec="0" bev="0" fileid="19" />
                <SequencePoint vc="0" uspid="25841" ordinal="0" offset="193" sl="119" sc="0" el="119" ec="0" bec="0" bev="0" fileid="19" />
                <SequencePoint vc="0" uspid="25842" ordinal="0" offset="194" sl="120" sc="0" el="120" ec="0" bec="0" bev="0" fileid="19" />
                <SequencePoint vc="0" uspid="25843" ordinal="0" offset="203" sl="121" sc="0" el="121" ec="0" bec="0" bev="0" fileid="19" />
                <SequencePoint vc="0" uspid="25844" ordinal="0" offset="219" sl="121" sc="0" el="121" ec="0" bec="0" bev="0" fileid="19" />
                <SequencePoint vc="0" uspid="25845" ordinal="0" offset="220" sl="122" sc="0" el="122" ec="0" bec="0" bev="0" fileid="19" />
                <SequencePoint vc="0" uspid="25846" ordinal="0" offset="233" sl="123" sc="0" el="123" ec="0" bec="0" bev="0" fileid="19" />
                <SequencePoint vc="0" uspid="25847" ordinal="0" offset="249" sl="126" sc="0" el="126" ec="0" bec="0" bev="0" fileid="19" />
                <SequencePoint vc="0" uspid="25848" ordinal="0" offset="257" sl="127" sc="0" el="127" ec="0" bec="0" bev="0" fileid="19" />
                <SequencePoint vc="0" uspid="25849" ordinal="0" offset="260" sl="127" sc="0" el="127" ec="0" bec="0" bev="0" fileid="19" />
                <SequencePoint vc="0" uspid="25850" ordinal="0" offset="261" sl="128" sc="0" el="128" ec="0" bec="0" bev="0" fileid="19" />
                <SequencePoint vc="0" uspid="25851" ordinal="0" offset="268" sl="129" sc="0" el="129" ec="0" bec="0" bev="0" fileid="19" />
                <SequencePoint vc="0" uspid="25852" ordinal="0" offset="278" sl="131" sc="0" el="131" ec="0" bec="0" bev="0" fileid="19" />
                <SequencePoint vc="0" uspid="25853" ordinal="0" offset="288" sl="132" sc="0" el="132" ec="0" bec="0" bev="0" fileid="19" />
              </SequencePoints>
              <BranchPoints />
            </Method>
            <Method visited="false" cyclomaticComplexity="0" nPathComplexity="0" sequenceCoverage="0.0" branchCoverage="0" crapScore="0" isConstructor="false" isStatic="false" isGetter="false" isSetter="false">
              <Summary numSequencePoints="3" visitedSequencePoints="0" numBranchPoints="0" visitedBranchPoints="0" sequenceCoverage="0.0" branchCoverage="0" maxCyclomaticComplexity="0" minCyclomaticComplexity="0" maxCrapScore="0" minCrapScore="0" visitedClasses="0" numClasses="0" visitedMethods="0" numMethods="1" />
              <MetadataToken>100663631</MetadataToken>
              <Name>UnityEngine.Transform SpawnPointManagerPrototype[T]::AllSpawnPointsBlockedFallback()</Name>
              <FileRef uid="19" />
              <SequencePoints>
                <SequencePoint vc="0" uspid="25854" ordinal="0" offset="0" sl="138" sc="0" el="138" ec="0" bec="0" bev="0" fileid="19" />
                <SequencePoint vc="0" uspid="25855" ordinal="0" offset="1" sl="139" sc="0" el="139" ec="0" bec="0" bev="0" fileid="19" />
                <SequencePoint vc="0" uspid="25856" ordinal="0" offset="10" sl="140" sc="0" el="140" ec="0" bec="0" bev="0" fileid="19" />
              </SequencePoints>
              <BranchPoints />
            </Method>
            <Method visited="false" cyclomaticComplexity="0" nPathComplexity="0" sequenceCoverage="0.0" branchCoverage="0" crapScore="0" isConstructor="false" isStatic="false" isGetter="false" isSetter="false">
              <Summary numSequencePoints="12" visitedSequencePoints="0" numBranchPoints="0" visitedBranchPoints="0" sequenceCoverage="0.0" branchCoverage="0" maxCyclomaticComplexity="0" minCyclomaticComplexity="0" maxCrapScore="0" minCrapScore="0" visitedClasses="0" numClasses="0" visitedMethods="0" numMethods="1" />
              <MetadataToken>100663632</MetadataToken>
              <Name>System.ValueTuple[Int32,Component] SpawnPointManagerPrototype[T]::GetNextUnblocked(System.Int32)</Name>
              <FileRef uid="19" />
              <SequencePoints>
                <SequencePoint vc="0" uspid="25857" ordinal="0" offset="0" sl="147" sc="0" el="147" ec="0" bec="0" bev="0" fileid="19" />
                <SequencePoint vc="0" uspid="25858" ordinal="0" offset="1" sl="148" sc="0" el="148" ec="0" bec="0" bev="0" fileid="19" />
                <SequencePoint vc="0" uspid="25859" ordinal="0" offset="3" sl="148" sc="0" el="148" ec="0" bec="0" bev="0" fileid="19" />
                <SequencePoint vc="0" uspid="25860" ordinal="0" offset="17" sl="148" sc="0" el="148" ec="0" bec="0" bev="0" fileid="19" />
                <SequencePoint vc="0" uspid="25861" ordinal="0" offset="18" sl="149" sc="0" el="149" ec="0" bec="0" bev="0" fileid="19" />
                <SequencePoint vc="0" uspid="25862" ordinal="0" offset="33" sl="150" sc="0" el="150" ec="0" bec="0" bev="0" fileid="19" />
                <SequencePoint vc="0" uspid="25863" ordinal="0" offset="47" sl="151" sc="0" el="151" ec="0" bec="0" bev="0" fileid="19" />
                <SequencePoint vc="0" uspid="25864" ordinal="0" offset="58" sl="152" sc="0" el="152" ec="0" bec="0" bev="0" fileid="19" />
                <SequencePoint vc="0" uspid="25865" ordinal="0" offset="59" sl="148" sc="0" el="148" ec="0" bec="0" bev="0" fileid="19" />
                <SequencePoint vc="0" uspid="25866" ordinal="0" offset="63" sl="148" sc="0" el="148" ec="0" bec="0" bev="0" fileid="19" />
                <SequencePoint vc="0" uspid="25867" ordinal="0" offset="73" sl="153" sc="0" el="153" ec="0" bec="0" bev="0" fileid="19" />
                <SequencePoint vc="0" uspid="25868" ordinal="0" offset="84" sl="154" sc="0" el="154" ec="0" bec="0" bev="0" fileid="19" />
              </SequencePoints>
              <BranchPoints />
            </Method>
            <Method visited="false" cyclomaticComplexity="0" nPathComplexity="0" sequenceCoverage="0.0" branchCoverage="0" crapScore="0" isConstructor="false" isStatic="false" isGetter="false" isSetter="false">
              <Summary numSequencePoints="13" visitedSequencePoints="0" numBranchPoints="0" visitedBranchPoints="0" sequenceCoverage="0.0" branchCoverage="0" maxCyclomaticComplexity="0" minCyclomaticComplexity="0" maxCrapScore="0" minCrapScore="0" visitedClasses="0" numClasses="0" visitedMethods="0" numMethods="1" />
              <MetadataToken>100663633</MetadataToken>
              <Name>System.Boolean SpawnPointManagerPrototype[T]::IsBlocked(UnityEngine.Component)</Name>
              <FileRef uid="19" />
              <SequencePoints>
                <SequencePoint vc="0" uspid="25869" ordinal="0" offset="0" sl="162" sc="0" el="162" ec="0" bec="0" bev="0" fileid="19" />
                <SequencePoint vc="0" uspid="25870" ordinal="0" offset="1" sl="163" sc="0" el="163" ec="0" bec="0" bev="0" fileid="19" />
                <SequencePoint vc="0" uspid="25871" ordinal="0" offset="18" sl="164" sc="0" el="164" ec="0" bec="0" bev="0" fileid="19" />
                <SequencePoint vc="0" uspid="25872" ordinal="0" offset="20" sl="164" sc="0" el="164" ec="0" bec="0" bev="0" fileid="19" />
                <SequencePoint vc="0" uspid="25873" ordinal="0" offset="21" sl="165" sc="0" el="165" ec="0" bec="0" bev="0" fileid="19" />
                <SequencePoint vc="0" uspid="25874" ordinal="0" offset="35" sl="165" sc="0" el="165" ec="0" bec="0" bev="0" fileid="19" />
                <SequencePoint vc="0" uspid="25875" ordinal="0" offset="36" sl="166" sc="0" el="166" ec="0" bec="0" bev="0" fileid="19" />
                <SequencePoint vc="0" uspid="25876" ordinal="0" offset="47" sl="167" sc="0" el="167" ec="0" bec="0" bev="0" fileid="19" />
                <SequencePoint vc="0" uspid="25877" ordinal="0" offset="48" sl="168" sc="0" el="168" ec="0" bec="0" bev="0" fileid="19" />
                <SequencePoint vc="0" uspid="25878" ordinal="0" offset="90" sl="169" sc="0" el="169" ec="0" bec="0" bev="0" fileid="19" />
                <SequencePoint vc="0" uspid="25879" ordinal="0" offset="100" sl="170" sc="0" el="170" ec="0" bec="0" bev="0" fileid="19" />
                <SequencePoint vc="0" uspid="25880" ordinal="0" offset="134" sl="172" sc="0" el="172" ec="0" bec="0" bev="0" fileid="19" />
                <SequencePoint vc="0" uspid="25881" ordinal="0" offset="142" sl="184" sc="0" el="184" ec="0" bec="0" bev="0" fileid="19" />
              </SequencePoints>
              <BranchPoints />
            </Method>
            <Method visited="false" cyclomaticComplexity="0" nPathComplexity="0" sequenceCoverage="0.0" branchCoverage="0" crapScore="0" isConstructor="true" isStatic="false" isGetter="false" isSetter="false">
              <Summary numSequencePoints="3" visitedSequencePoints="0" numBranchPoints="0" visitedBranchPoints="0" sequenceCoverage="0.0" branchCoverage="0" maxCyclomaticComplexity="0" minCyclomaticComplexity="0" maxCrapScore="0" minCrapScore="0" visitedClasses="0" numClasses="0" visitedMethods="0" numMethods="1" />
              <MetadataToken>100663634</MetadataToken>
              <Name>SpawnPointManagerPrototype[T]::SpawnPointManagerPrototype()</Name>
              <FileRef uid="19" />
              <SequencePoints>
                <SequencePoint vc="0" uspid="25882" ordinal="0" offset="0" sl="40" sc="0" el="40" ec="0" bec="0" bev="0" fileid="19" />
                <SequencePoint vc="0" uspid="25883" ordinal="0" offset="11" sl="46" sc="0" el="46" ec="0" bec="0" bev="0" fileid="19" />
                <SequencePoint vc="0" uspid="25884" ordinal="0" offset="22" sl="49" sc="0" el="49" ec="0" bec="0" bev="0" fileid="19" />
              </SequencePoints>
              <BranchPoints />
            </Method>
          </Methods>
        </Class>
        <Class>
          <Summary numSequencePoints="16" visitedSequencePoints="0" numBranchPoints="0" visitedBranchPoints="0" sequenceCoverage="0.0" branchCoverage="0.0" maxCyclomaticComplexity="0" minCyclomaticComplexity="0" maxCrapScore="0" minCrapScore="0" visitedClasses="0" numClasses="1" visitedMethods="0" numMethods="2" />
          <FullName>FusionPrototypingInternal.FusionPrototypingAssetUtils</FullName>
          <Methods>
            <Method visited="false" cyclomaticComplexity="0" nPathComplexity="0" sequenceCoverage="0.0" branchCoverage="0" crapScore="0" isConstructor="false" isStatic="true" isGetter="false" isSetter="false">
              <Summary numSequencePoints="8" visitedSequencePoints="0" numBranchPoints="0" visitedBranchPoints="0" sequenceCoverage="0.0" branchCoverage="0" maxCyclomaticComplexity="0" minCyclomaticComplexity="0" maxCrapScore="0" minCrapScore="0" visitedClasses="0" numClasses="0" visitedMethods="0" numMethods="1" />
              <MetadataToken>100663925</MetadataToken>
              <Name>static T FusionPrototypingInternal.FusionPrototypingAssetUtils::GetAsset[T](System.String, )</Name>
              <FileRef uid="57" />
              <SequencePoints>
                <SequencePoint vc="0" uspid="28408" ordinal="0" offset="0" sl="7" sc="0" el="7" ec="0" bec="0" bev="0" fileid="57" />
                <SequencePoint vc="0" uspid="28409" ordinal="0" offset="1" sl="8" sc="0" el="8" ec="0" bec="0" bev="0" fileid="57" />
                <SequencePoint vc="0" uspid="28410" ordinal="0" offset="22" sl="9" sc="0" el="9" ec="0" bec="0" bev="0" fileid="57" />
                <SequencePoint vc="0" uspid="28411" ordinal="0" offset="31" sl="11" sc="0" el="11" ec="0" bec="0" bev="0" fileid="57" />
                <SequencePoint vc="0" uspid="28412" ordinal="0" offset="38" sl="12" sc="0" el="12" ec="0" bec="0" bev="0" fileid="57" />
                <SequencePoint vc="0" uspid="28413" ordinal="0" offset="59" sl="13" sc="0" el="13" ec="0" bec="0" bev="0" fileid="57" />
                <SequencePoint vc="0" uspid="28414" ordinal="0" offset="71" sl="14" sc="0" el="14" ec="0" bec="0" bev="0" fileid="57" />
                <SequencePoint vc="0" uspid="28415" ordinal="0" offset="80" sl="15" sc="0" el="15" ec="0" bec="0" bev="0" fileid="57" />
              </SequencePoints>
              <BranchPoints />
            </Method>
            <Method visited="false" cyclomaticComplexity="0" nPathComplexity="0" sequenceCoverage="0.0" branchCoverage="0" crapScore="0" isConstructor="false" isStatic="true" isGetter="false" isSetter="false">
              <Summary numSequencePoints="8" visitedSequencePoints="0" numBranchPoints="0" visitedBranchPoints="0" sequenceCoverage="0.0" branchCoverage="0" maxCyclomaticComplexity="0" minCyclomaticComplexity="0" maxCrapScore="0" minCrapScore="0" visitedClasses="0" numClasses="0" visitedMethods="0" numMethods="1" />
              <MetadataToken>100663926</MetadataToken>
              <Name>static T FusionPrototypingInternal.FusionPrototypingAssetUtils::GetAsset[T](System.String)</Name>
              <FileRef uid="57" />
              <SequencePoints>
                <SequencePoint vc="0" uspid="28416" ordinal="0" offset="0" sl="17" sc="0" el="17" ec="0" bec="0" bev="0" fileid="57" />
                <SequencePoint vc="0" uspid="28417" ordinal="0" offset="1" sl="18" sc="0" el="18" ec="0" bec="0" bev="0" fileid="57" />
                <SequencePoint vc="0" uspid="28418" ordinal="0" offset="8" sl="19" sc="0" el="19" ec="0" bec="0" bev="0" fileid="57" />
                <SequencePoint vc="0" uspid="28419" ordinal="0" offset="18" sl="19" sc="0" el="19" ec="0" bec="0" bev="0" fileid="57" />
                <SequencePoint vc="0" uspid="28420" ordinal="0" offset="19" sl="20" sc="0" el="20" ec="0" bec="0" bev="0" fileid="57" />
                <SequencePoint vc="0" uspid="28421" ordinal="0" offset="31" sl="21" sc="0" el="21" ec="0" bec="0" bev="0" fileid="57" />
                <SequencePoint vc="0" uspid="28422" ordinal="0" offset="32" sl="22" sc="0" el="22" ec="0" bec="0" bev="0" fileid="57" />
                <SequencePoint vc="0" uspid="28423" ordinal="0" offset="41" sl="24" sc="0" el="24" ec="0" bec="0" bev="0" fileid="57" />
              </SequencePoints>
              <BranchPoints />
            </Method>
          </Methods>
        </Class>
        <Class>
          <Summary numSequencePoints="65" visitedSequencePoints="0" numBranchPoints="0" visitedBranchPoints="0" sequenceCoverage="0.0" branchCoverage="0.0" maxCyclomaticComplexity="0" minCyclomaticComplexity="0" maxCrapScore="0" minCrapScore="0" visitedClasses="0" numClasses="1" visitedMethods="0" numMethods="2" />
          <FullName>Fusion.FusionUnityLogger</FullName>
          <Methods>
            <Method visited="false" cyclomaticComplexity="0" nPathComplexity="0" sequenceCoverage="0.0" branchCoverage="0" crapScore="0" isConstructor="false" isStatic="false" isGetter="false" isSetter="false">
              <Summary numSequencePoints="55" visitedSequencePoints="0" numBranchPoints="0" visitedBranchPoints="0" sequenceCoverage="0.0" branchCoverage="0" maxCyclomaticComplexity="0" minCyclomaticComplexity="0" maxCrapScore="0" minCrapScore="0" visitedClasses="0" numClasses="0" visitedMethods="0" numMethods="1" />
              <MetadataToken>100663931</MetadataToken>
              <Name>System.Void Fusion.FusionUnityLogger::Log[T](Fusion.LogType, System.String, , System.String)</Name>
              <FileRef uid="59" />
              <SequencePoints>
                <SequencePoint vc="0" uspid="28432" ordinal="0" offset="0" sl="78" sc="0" el="78" ec="0" bec="0" bev="0" fileid="59" />
                <SequencePoint vc="0" uspid="28433" ordinal="0" offset="1" sl="80" sc="0" el="80" ec="0" bec="0" bev="0" fileid="59" />
                <SequencePoint vc="0" uspid="28434" ordinal="0" offset="21" sl="83" sc="0" el="83" ec="0" bec="0" bev="0" fileid="59" />
                <SequencePoint vc="0" uspid="28435" ordinal="0" offset="22" sl="84" sc="0" el="84" ec="0" bec="0" bev="0" fileid="59" />
                <SequencePoint vc="0" uspid="28436" ordinal="0" offset="30" sl="84" sc="0" el="84" ec="0" bec="0" bev="0" fileid="59" />
                <SequencePoint vc="0" uspid="28437" ordinal="0" offset="31" sl="85" sc="0" el="85" ec="0" bec="0" bev="0" fileid="59" />
                <SequencePoint vc="0" uspid="28438" ordinal="0" offset="48" sl="86" sc="0" el="86" ec="0" bec="0" bev="0" fileid="59" />
                <SequencePoint vc="0" uspid="28439" ordinal="0" offset="51" sl="86" sc="0" el="86" ec="0" bec="0" bev="0" fileid="59" />
                <SequencePoint vc="0" uspid="28440" ordinal="0" offset="61" sl="86" sc="0" el="86" ec="0" bec="0" bev="0" fileid="59" />
                <SequencePoint vc="0" uspid="28441" ordinal="0" offset="62" sl="87" sc="0" el="87" ec="0" bec="0" bev="0" fileid="59" />
                <SequencePoint vc="0" uspid="28442" ordinal="0" offset="79" sl="88" sc="0" el="88" ec="0" bec="0" bev="0" fileid="59" />
                <SequencePoint vc="0" uspid="28443" ordinal="0" offset="80" sl="90" sc="0" el="90" ec="0" bec="0" bev="0" fileid="59" />
                <SequencePoint vc="0" uspid="28444" ordinal="0" offset="95" sl="90" sc="0" el="90" ec="0" bec="0" bev="0" fileid="59" />
                <SequencePoint vc="0" uspid="28445" ordinal="0" offset="96" sl="91" sc="0" el="91" ec="0" bec="0" bev="0" fileid="59" />
                <SequencePoint vc="0" uspid="28446" ordinal="0" offset="108" sl="91" sc="0" el="91" ec="0" bec="0" bev="0" fileid="59" />
                <SequencePoint vc="0" uspid="28447" ordinal="0" offset="109" sl="92" sc="0" el="92" ec="0" bec="0" bev="0" fileid="59" />
                <SequencePoint vc="0" uspid="28448" ordinal="0" offset="126" sl="93" sc="0" el="93" ec="0" bec="0" bev="0" fileid="59" />
                <SequencePoint vc="0" uspid="28449" ordinal="0" offset="144" sl="94" sc="0" el="94" ec="0" bec="0" bev="0" fileid="59" />
                <SequencePoint vc="0" uspid="28450" ordinal="0" offset="161" sl="95" sc="0" el="95" ec="0" bec="0" bev="0" fileid="59" />
                <SequencePoint vc="0" uspid="28451" ordinal="0" offset="162" sl="96" sc="0" el="96" ec="0" bec="0" bev="0" fileid="59" />
                <SequencePoint vc="0" uspid="28452" ordinal="0" offset="179" sl="98" sc="0" el="98" ec="0" bec="0" bev="0" fileid="59" />
                <SequencePoint vc="0" uspid="28453" ordinal="0" offset="194" sl="98" sc="0" el="98" ec="0" bec="0" bev="0" fileid="59" />
                <SequencePoint vc="0" uspid="28454" ordinal="0" offset="195" sl="99" sc="0" el="99" ec="0" bec="0" bev="0" fileid="59" />
                <SequencePoint vc="0" uspid="28455" ordinal="0" offset="212" sl="100" sc="0" el="100" ec="0" bec="0" bev="0" fileid="59" />
                <SequencePoint vc="0" uspid="28456" ordinal="0" offset="225" sl="101" sc="0" el="101" ec="0" bec="0" bev="0" fileid="59" />
                <SequencePoint vc="0" uspid="28457" ordinal="0" offset="226" sl="103" sc="0" el="103" ec="0" bec="0" bev="0" fileid="59" />
                <SequencePoint vc="0" uspid="28458" ordinal="0" offset="243" sl="105" sc="0" el="105" ec="0" bec="0" bev="0" fileid="59" />
                <SequencePoint vc="0" uspid="28459" ordinal="0" offset="255" sl="105" sc="0" el="105" ec="0" bec="0" bev="0" fileid="59" />
                <SequencePoint vc="0" uspid="28460" ordinal="0" offset="256" sl="106" sc="0" el="106" ec="0" bec="0" bev="0" fileid="59" />
                <SequencePoint vc="0" uspid="28461" ordinal="0" offset="273" sl="107" sc="0" el="107" ec="0" bec="0" bev="0" fileid="59" />
                <SequencePoint vc="0" uspid="28462" ordinal="0" offset="274" sl="108" sc="0" el="108" ec="0" bec="0" bev="0" fileid="59" />
                <SequencePoint vc="0" uspid="28463" ordinal="0" offset="291" sl="109" sc="0" el="109" ec="0" bec="0" bev="0" fileid="59" />
                <SequencePoint vc="0" uspid="28464" ordinal="0" offset="294" sl="109" sc="0" el="109" ec="0" bec="0" bev="0" fileid="59" />
                <SequencePoint vc="0" uspid="28465" ordinal="0" offset="295" sl="110" sc="0" el="110" ec="0" bec="0" bev="0" fileid="59" />
                <SequencePoint vc="0" uspid="28466" ordinal="0" offset="310" sl="110" sc="0" el="110" ec="0" bec="0" bev="0" fileid="59" />
                <SequencePoint vc="0" uspid="28467" ordinal="0" offset="311" sl="111" sc="0" el="111" ec="0" bec="0" bev="0" fileid="59" />
                <SequencePoint vc="0" uspid="28468" ordinal="0" offset="324" sl="112" sc="0" el="112" ec="0" bec="0" bev="0" fileid="59" />
                <SequencePoint vc="0" uspid="28469" ordinal="0" offset="341" sl="113" sc="0" el="113" ec="0" bec="0" bev="0" fileid="59" />
                <SequencePoint vc="0" uspid="28470" ordinal="0" offset="342" sl="114" sc="0" el="114" ec="0" bec="0" bev="0" fileid="59" />
                <SequencePoint vc="0" uspid="28471" ordinal="0" offset="343" sl="116" sc="0" el="116" ec="0" bec="0" bev="0" fileid="59" />
                <SequencePoint vc="0" uspid="28472" ordinal="0" offset="362" sl="117" sc="0" el="117" ec="0" bec="0" bev="0" fileid="59" />
                <SequencePoint vc="0" uspid="28473" ordinal="0" offset="385" sl="118" sc="0" el="118" ec="0" bec="0" bev="0" fileid="59" />
                <SequencePoint vc="0" uspid="28474" ordinal="0" offset="397" sl="119" sc="0" el="119" ec="0" bec="0" bev="0" fileid="59" />
                <SequencePoint vc="0" uspid="28475" ordinal="0" offset="400" sl="119" sc="0" el="119" ec="0" bec="0" bev="0" fileid="59" />
                <SequencePoint vc="0" uspid="28476" ordinal="0" offset="401" sl="120" sc="0" el="120" ec="0" bec="0" bev="0" fileid="59" />
                <SequencePoint vc="0" uspid="28477" ordinal="0" offset="413" sl="121" sc="0" el="121" ec="0" bec="0" bev="0" fileid="59" />
                <SequencePoint vc="0" uspid="28478" ordinal="0" offset="415" sl="123" sc="0" el="123" ec="0" bec="0" bev="0" fileid="59" />
                <SequencePoint vc="0" uspid="28479" ordinal="0" offset="432" sl="125" sc="0" el="125" ec="0" bec="0" bev="0" fileid="59" />
                <SequencePoint vc="0" uspid="28480" ordinal="0" offset="452" sl="127" sc="0" el="127" ec="0" bec="0" bev="0" fileid="59" />
                <SequencePoint vc="0" uspid="28481" ordinal="0" offset="460" sl="128" sc="0" el="128" ec="0" bec="0" bev="0" fileid="59" />
                <SequencePoint vc="0" uspid="28482" ordinal="0" offset="462" sl="130" sc="0" el="130" ec="0" bec="0" bev="0" fileid="59" />
                <SequencePoint vc="0" uspid="28483" ordinal="0" offset="470" sl="131" sc="0" el="131" ec="0" bec="0" bev="0" fileid="59" />
[...]
                <SequencePoint vc="0" uspid="43546" ordinal="0" offset="48" sl="5687" sc="0" el="5687" ec="0" bec="0" bev="0" fileid="94" />
                <SequencePoint vc="0" uspid="43547" ordinal="0" offset="52" sl="5689" sc="0" el="5689" ec="0" bec="0" bev="0" fileid="94" />
                <SequencePoint vc="0" uspid="43548" ordinal="0" offset="53" sl="5683" sc="0" el="5683" ec="0" bec="0" bev="0" fileid="94" />
                <SequencePoint vc="0" uspid="43549" ordinal="0" offset="57" sl="5683" sc="0" el="5683" ec="0" bec="0" bev="0" fileid="94" />
                <SequencePoint vc="0" uspid="43550" ordinal="0" offset="77" sl="5691" sc="0" el="5691" ec="0" bec="0" bev="0" fileid="94" />
                <SequencePoint vc="0" uspid="43551" ordinal="0" offset="80" sl="5692" sc="0" el="5692" ec="0" bec="0" bev="0" fileid="94" />
                <SequencePoint vc="0" uspid="43552" ordinal="0" offset="84" sl="5693" sc="0" el="5693" ec="0" bec="0" bev="0" fileid="94" />
              </SequencePoints>
              <BranchPoints />
            </Method>
            <Method visited="false" cyclomaticComplexity="0" nPathComplexity="0" sequenceCoverage="0.0" branchCoverage="0" crapScore="0" isConstructor="false" isStatic="true" isGetter="false" isSetter="false">
              <Summary numSequencePoints="16" visitedSequencePoints="0" numBranchPoints="0" visitedBranchPoints="0" sequenceCoverage="0.0" branchCoverage="0" maxCyclomaticComplexity="0" minCyclomaticComplexity="0" maxCrapScore="0" minCrapScore="0" visitedClasses="0" numClasses="0" visitedMethods="0" numMethods="1" />
              <MetadataToken>100663632</MetadataToken>
              <Name>static System.Boolean Fusion.CodeGen.MonoCecilExtensions::TryGetAttributeArgument[T](Mono.Cecil.CustomAttribute, System.Int32, , T)</Name>
              <FileRef uid="94" />
              <SequencePoints>
                <SequencePoint vc="0" uspid="43553" ordinal="0" offset="0" sl="5695" sc="0" el="5695" ec="0" bec="0" bev="0" fileid="94" />
                <SequencePoint vc="0" uspid="43554" ordinal="0" offset="1" sl="5696" sc="0" el="5696" ec="0" bec="0" bev="0" fileid="94" />
                <SequencePoint vc="0" uspid="43555" ordinal="0" offset="22" sl="5696" sc="0" el="5696" ec="0" bec="0" bev="0" fileid="94" />
                <SequencePoint vc="0" uspid="43556" ordinal="0" offset="23" sl="5697" sc="0" el="5697" ec="0" bec="0" bev="0" fileid="94" />
                <SequencePoint vc="0" uspid="43557" ordinal="0" offset="44" sl="5698" sc="0" el="5698" ec="0" bec="0" bev="0" fileid="94" />
                <SequencePoint vc="0" uspid="43558" ordinal="0" offset="69" sl="5698" sc="0" el="5698" ec="0" bec="0" bev="0" fileid="94" />
                <SequencePoint vc="0" uspid="43559" ordinal="0" offset="70" sl="5699" sc="0" el="5699" ec="0" bec="0" bev="0" fileid="94" />
                <SequencePoint vc="0" uspid="43560" ordinal="0" offset="77" sl="5700" sc="0" el="5700" ec="0" bec="0" bev="0" fileid="94" />
                <SequencePoint vc="0" uspid="43561" ordinal="0" offset="82" sl="5701" sc="0" el="5701" ec="0" bec="0" bev="0" fileid="94" />
                <SequencePoint vc="0" uspid="43562" ordinal="0" offset="119" sl="5701" sc="0" el="5701" ec="0" bec="0" bev="0" fileid="94" />
                <SequencePoint vc="0" uspid="43563" ordinal="0" offset="120" sl="5702" sc="0" el="5702" ec="0" bec="0" bev="0" fileid="94" />
                <SequencePoint vc="0" uspid="43564" ordinal="0" offset="147" sl="5703" sc="0" el="5703" ec="0" bec="0" bev="0" fileid="94" />
                <SequencePoint vc="0" uspid="43565" ordinal="0" offset="152" sl="5705" sc="0" el="5705" ec="0" bec="0" bev="0" fileid="94" />
                <SequencePoint vc="0" uspid="43566" ordinal="0" offset="153" sl="5707" sc="0" el="5707" ec="0" bec="0" bev="0" fileid="94" />
                <SequencePoint vc="0" uspid="43567" ordinal="0" offset="160" sl="5708" sc="0" el="5708" ec="0" bec="0" bev="0" fileid="94" />
                <SequencePoint vc="0" uspid="43568" ordinal="0" offset="165" sl="5709" sc="0" el="5709" ec="0" bec="0" bev="0" fileid="94" />
              </SequencePoints>
              <BranchPoints />
            </Method>
            <Method visited="false" cyclomaticComplexity="0" nPathComplexity="0" sequenceCoverage="0.0" branchCoverage="0" crapScore="0" isConstructor="false" isStatic="true" isGetter="false" isSetter="false">
              <Summary numSequencePoints="12" visitedSequencePoints="0" numBranchPoints="0" visitedBranchPoints="0" sequenceCoverage="0.0" branchCoverage="0" maxCyclomaticComplexity="0" minCyclomaticComplexity="0" maxCrapScore="0" minCrapScore="0" visitedClasses="0" numClasses="0" visitedMethods="0" numMethods="1" />
              <MetadataToken>100663633</MetadataToken>
              <Name>static System.Boolean Fusion.CodeGen.MonoCecilExtensions::TryGetAttributeProperty[T](Mono.Cecil.CustomAttribute, System.String, , T)</Name>
              <FileRef uid="94" />
              <SequencePoints>
                <SequencePoint vc="0" uspid="43569" ordinal="0" offset="13" sl="5711" sc="0" el="5711" ec="0" bec="0" bev="0" fileid="94" />
                <SequencePoint vc="0" uspid="43570" ordinal="0" offset="14" sl="5712" sc="0" el="5712" ec="0" bec="0" bev="0" fileid="94" />
                <SequencePoint vc="0" uspid="43571" ordinal="0" offset="24" sl="5712" sc="0" el="5712" ec="0" bec="0" bev="0" fileid="94" />
                <SequencePoint vc="0" uspid="43572" ordinal="0" offset="25" sl="5713" sc="0" el="5713" ec="0" bec="0" bev="0" fileid="94" />
                <SequencePoint vc="0" uspid="43573" ordinal="0" offset="49" sl="5715" sc="0" el="5715" ec="0" bec="0" bev="0" fileid="94" />
                <SequencePoint vc="0" uspid="43574" ordinal="0" offset="72" sl="5715" sc="0" el="5715" ec="0" bec="0" bev="0" fileid="94" />
                <SequencePoint vc="0" uspid="43575" ordinal="0" offset="73" sl="5716" sc="0" el="5716" ec="0" bec="0" bev="0" fileid="94" />
                <SequencePoint vc="0" uspid="43576" ordinal="0" offset="100" sl="5717" sc="0" el="5717" ec="0" bec="0" bev="0" fileid="94" />
                <SequencePoint vc="0" uspid="43577" ordinal="0" offset="105" sl="5719" sc="0" el="5719" ec="0" bec="0" bev="0" fileid="94" />
                <SequencePoint vc="0" uspid="43578" ordinal="0" offset="106" sl="5721" sc="0" el="5721" ec="0" bec="0" bev="0" fileid="94" />
                <SequencePoint vc="0" uspid="43579" ordinal="0" offset="113" sl="5722" sc="0" el="5722" ec="0" bec="0" bev="0" fileid="94" />
                <SequencePoint vc="0" uspid="43580" ordinal="0" offset="118" sl="5723" sc="0" el="5723" ec="0" bec="0" bev="0" fileid="94" />
              </SequencePoints>
              <BranchPoints />
            </Method>
          </Methods>
        </Class>
        <Class>
          <Summary numSequencePoints="16" visitedSequencePoints="0" numBranchPoints="0" visitedBranchPoints="0" sequenceCoverage="0.0" branchCoverage="0.0" maxCyclomaticComplexity="0" minCyclomaticComplexity="0" maxCrapScore="0" minCrapScore="0" visitedClasses="0" numClasses="1" visitedMethods="0" numMethods="4" />
          <FullName>Fusion.CodeGen.NetworkTypeInfoRegistry</FullName>
          <Methods>
            <Method visited="false" cyclomaticComplexity="0" nPathComplexity="0" sequenceCoverage="0.0" branchCoverage="0" crapScore="0" isConstructor="false" isStatic="false" isGetter="false" isSetter="false">
              <Summary numSequencePoints="1" visitedSequencePoints="0" numBranchPoints="0" visitedBranchPoints="0" sequenceCoverage="0.0" branchCoverage="0" maxCyclomaticComplexity="0" minCyclomaticComplexity="0" maxCrapScore="0" minCrapScore="0" visitedClasses="0" numClasses="0" visitedMethods="0" numMethods="1" />
              <MetadataToken>100663670</MetadataToken>
              <Name>System.Int32 Fusion.CodeGen.NetworkTypeInfoRegistry::GetTypeWordCount[T]()</Name>
              <FileRef uid="94" />
              <SequencePoints>
                <SequencePoint vc="0" uspid="43857" ordinal="0" offset="0" sl="6119" sc="0" el="6119" ec="0" bec="0" bev="0" fileid="94" />
              </SequencePoints>
              <BranchPoints />
            </Method>
            <Method visited="false" cyclomaticComplexity="0" nPathComplexity="0" sequenceCoverage="0.0" branchCoverage="0" crapScore="0" isConstructor="false" isStatic="false" isGetter="false" isSetter="false">
              <Summary numSequencePoints="1" visitedSequencePoints="0" numBranchPoints="0" visitedBranchPoints="0" sequenceCoverage="0.0" branchCoverage="0" maxCyclomaticComplexity="0" minCyclomaticComplexity="0" maxCrapScore="0" minCrapScore="0" visitedClasses="0" numClasses="0" visitedMethods="0" numMethods="1" />
              <MetadataToken>100663677</MetadataToken>
              <Name>Fusion.CodeGen.NetworkTypeInfo Fusion.CodeGen.NetworkTypeInfoRegistry::GetInfo[T]()</Name>
              <FileRef uid="94" />
              <SequencePoints>
                <SequencePoint vc="0" uspid="43864" ordinal="0" offset="0" sl="6130" sc="0" el="6130" ec="0" bec="0" bev="0" fileid="94" />
              </SequencePoints>
              <BranchPoints />
            </Method>
            <Method visited="false" cyclomaticComplexity="0" nPathComplexity="0" sequenceCoverage="0.0" branchCoverage="0" crapScore="0" isConstructor="false" isStatic="false" isGetter="false" isSetter="false">
              <Summary numSequencePoints="3" visitedSequencePoints="0" numBranchPoints="0" visitedBranchPoints="0" sequenceCoverage="0.0" branchCoverage="0" maxCyclomaticComplexity="0" minCyclomaticComplexity="0" maxCrapScore="0" minCrapScore="0" visitedClasses="0" numClasses="0" visitedMethods="0" numMethods="1" />
              <MetadataToken>100663688</MetadataToken>
              <Name>System.Void Fusion.CodeGen.NetworkTypeInfoRegistry::AddBuiltInType[T]()</Name>
              <FileRef uid="94" />
              <SequencePoints>
                <SequencePoint vc="0" uspid="44010" ordinal="0" offset="0" sl="6364" sc="0" el="6364" ec="0" bec="0" bev="0" fileid="94" />
                <SequencePoint vc="0" uspid="44011" ordinal="0" offset="1" sl="6365" sc="0" el="6365" ec="0" bec="0" bev="0" fileid="94" />
                <SequencePoint vc="0" uspid="44012" ordinal="0" offset="41" sl="6366" sc="0" el="6366" ec="0" bec="0" bev="0" fileid="94" />
              </SequencePoints>
              <BranchPoints />
            </Method>
            <Method visited="false" cyclomaticComplexity="0" nPathComplexity="0" sequenceCoverage="0.0" branchCoverage="0" crapScore="0" isConstructor="false" isStatic="false" isGetter="false" isSetter="false">
              <Summary numSequencePoints="11" visitedSequencePoints="0" numBranchPoints="0" visitedBranchPoints="0" sequenceCoverage="0.0" branchCoverage="0" maxCyclomaticComplexity="0" minCyclomaticComplexity="0" maxCrapScore="0" minCrapScore="0" visitedClasses="0" numClasses="0" visitedMethods="0" numMethods="1" />
              <MetadataToken>100663689</MetadataToken>
              <Name>System.Void Fusion.CodeGen.NetworkTypeInfoRegistry::AddBuiltInType[T](System.Boolean, Mono.Cecil.MethodReference, Mono.Cecil.MethodReference, System.Nullable[Int32], Fusion.CodeGen.NetworkTypeInfo/GetIsTriviallyCopyableDelegate)</Name>
              <FileRef uid="94" />
              <SequencePoints>
                <SequencePoint vc="0" uspid="44013" ordinal="0" offset="34" sl="6368" sc="0" el="6368" ec="0" bec="0" bev="0" fileid="94" />
                <SequencePoint vc="0" uspid="44014" ordinal="0" offset="35" sl="6369" sc="0" el="6369" ec="0" bec="0" bev="0" fileid="94" />
                <SequencePoint vc="0" uspid="44015" ordinal="0" offset="58" sl="6370" sc="0" el="6370" ec="0" bec="0" bev="0" fileid="94" />
                <SequencePoint vc="0" uspid="44016" ordinal="0" offset="81" sl="6372" sc="0" el="6372" ec="0" bec="0" bev="0" fileid="94" />
                <SequencePoint vc="0" uspid="44017" ordinal="0" offset="95" sl="6372" sc="0" el="6372" ec="0" bec="0" bev="0" fileid="94" />
                <SequencePoint vc="0" uspid="44018" ordinal="0" offset="96" sl="6373" sc="0" el="6373" ec="0" bec="0" bev="0" fileid="94" />
                <SequencePoint vc="0" uspid="44019" ordinal="0" offset="109" sl="6374" sc="0" el="6374" ec="0" bec="0" bev="0" fileid="94" />
                <SequencePoint vc="0" uspid="44020" ordinal="0" offset="110" sl="6376" sc="0" el="6376" ec="0" bec="0" bev="0" fileid="94" />
                <SequencePoint vc="0" uspid="44021" ordinal="0" offset="131" sl="6378" sc="0" el="6378" ec="0" bec="0" bev="0" fileid="94" />
                <SequencePoint vc="0" uspid="44022" ordinal="0" offset="153" sl="6379" sc="0" el="6379" ec="0" bec="0" bev="0" fileid="94" />
                <SequencePoint vc="0" uspid="44023" ordinal="0" offset="207" sl="6402" sc="0" el="6402" ec="0" bec="0" bev="0" fileid="94" />
              </SequencePoints>
              <BranchPoints />
            </Method>
          </Methods>
        </Class>
        <Class>
          <Summary numSequencePoints="1" visitedSequencePoints="0" numBranchPoints="0" visitedBranchPoints="0" sequenceCoverage="0.0" branchCoverage="0.0" maxCyclomaticComplexity="0" minCyclomaticComplexity="0" maxCrapScore="0" minCrapScore="0" visitedClasses="0" numClasses="1" visitedMethods="0" numMethods="1" />
          <FullName>Fusion.CodeGen.MonoCecilExtensions&lt;&gt;c__DisplayClass10_0[T]</FullName>
          <Methods>
            <Method visited="false" cyclomaticComplexity="0" nPathComplexity="0" sequenceCoverage="0.0" branchCoverage="0" crapScore="0" isConstructor="false" isStatic="false" isGetter="false" isSetter="false">
              <Summary numSequencePoints="1" visitedSequencePoints="0" numBranchPoints="0" visitedBranchPoints="0" sequenceCoverage="0.0" branchCoverage="0" maxCyclomaticComplexity="0" minCyclomaticComplexity="0" maxCrapScore="0" minCrapScore="0" visitedClasses="0" numClasses="0" visitedMethods="0" numMethods="1" />
              <MetadataToken>100663842</MetadataToken>
              <Name>System.Boolean Fusion.CodeGen.MonoCecilExtensions&lt;&gt;c__DisplayClass10_0[T]::&lt;TryGetAttributeProperty&gt;b__0(Mono.Cecil.CustomAttributeNamedArgument)</Name>
              <FileRef uid="94" />
              <SequencePoints>
                <SequencePoint vc="0" uspid="44737" ordinal="0" offset="0" sl="5713" sc="0" el="5713" ec="0" bec="0" bev="0" fileid="94" />
              </SequencePoints>
              <BranchPoints />
            </Method>
          </Methods>
        </Class>
        <Class>
          <Summary numSequencePoints="20" visitedSequencePoints="0" numBranchPoints="0" visitedBranchPoints="0" sequenceCoverage="0.0" branchCoverage="0.0" maxCyclomaticComplexity="0" minCyclomaticComplexity="0" maxCrapScore="0" minCrapScore="0" visitedClasses="0" numClasses="1" visitedMethods="0" numMethods="2" />
          <FullName>Fusion.CodeGen.NetworkTypeInfoRegistry&lt;&gt;c__DisplayClass32_0[T]</FullName>
          <Methods>
            <Method visited="false" cyclomaticComplexity="0" nPathComplexity="0" sequenceCoverage="0.0" branchCoverage="0" crapScore="0" isConstructor="false" isStatic="false" isGetter="false" isSetter="false">
              <Summary numSequencePoints="9" visitedSequencePoints="0" numBranchPoints="0" visitedBranchPoints="0" sequenceCoverage="0.0" branchCoverage="0" maxCyclomaticComplexity="0" minCyclomaticComplexity="0" maxCrapScore="0" minCrapScore="0" visitedClasses="0" numClasses="0" visitedMethods="0" numMethods="1" />
              <MetadataToken>100663897</MetadataToken>
              <Name>System.Void Fusion.CodeGen.NetworkTypeInfoRegistry&lt;&gt;c__DisplayClass32_0[T]::&lt;AddBuiltInType&gt;b__0(Mono.Cecil.ICustomAttributeProvider, Mono.Cecil.Cil.ILProcessor, Fusion.CodeGen.MethodContext)</Name>
              <FileRef uid="94" />
              <SequencePoints>
                <SequencePoint vc="0" uspid="44788" ordinal="0" offset="0" sl="6381" sc="0" el="6381" ec="0" bec="0" bev="0" fileid="94" />
                <SequencePoint vc="0" uspid="44789" ordinal="0" offset="1" sl="6382" sc="0" el="6382" ec="0" bec="0" bev="0" fileid="94" />
                <SequencePoint vc="0" uspid="44790" ordinal="0" offset="17" sl="6383" sc="0" el="6383" ec="0" bec="0" bev="0" fileid="94" />
                <SequencePoint vc="0" uspid="44791" ordinal="0" offset="27" sl="6383" sc="0" el="6383" ec="0" bec="0" bev="0" fileid="94" />
                <SequencePoint vc="0" uspid="44792" ordinal="0" offset="28" sl="6384" sc="0" el="6384" ec="0" bec="0" bev="0" fileid="94" />
                <SequencePoint vc="0" uspid="44793" ordinal="0" offset="52" sl="6385" sc="0" el="6385" ec="0" bec="0" bev="0" fileid="94" />
                <SequencePoint vc="0" uspid="44794" ordinal="0" offset="53" sl="6386" sc="0" el="6386" ec="0" bec="0" bev="0" fileid="94" />
                <SequencePoint vc="0" uspid="44795" ordinal="0" offset="71" sl="6387" sc="0" el="6387" ec="0" bec="0" bev="0" fileid="94" />
                <SequencePoint vc="0" uspid="44796" ordinal="0" offset="93" sl="6388" sc="0" el="6388" ec="0" bec="0" bev="0" fileid="94" />
              </SequencePoints>
              <BranchPoints />
            </Method>
            <Method visited="false" cyclomaticComplexity="0" nPathComplexity="0" sequenceCoverage="0.0" branchCoverage="0" crapScore="0" isConstructor="false" isStatic="false" isGetter="false" isSetter="false">
              <Summary numSequencePoints="11" visitedSequencePoints="0" numBranchPoints="0" visitedBranchPoints="0" sequenceCoverage="0.0" branchCoverage="0" maxCyclomaticComplexity="0" minCyclomaticComplexity="0" maxCrapScore="0" minCrapScore="0" visitedClasses="0" numClasses="0" visitedMethods="0" numMethods="1" />
              <MetadataToken>100663898</MetadataToken>
              <Name>System.Void Fusion.CodeGen.NetworkTypeInfoRegistry&lt;&gt;c__DisplayClass32_0[T]::&lt;AddBuiltInType&gt;b__1(Mono.Cecil.ICustomAttributeProvider, Mono.Cecil.Cil.ILProcessor, Fusion.CodeGen.MethodContext)</Name>
              <FileRef uid="94" />
              <SequencePoints>
                <SequencePoint vc="0" uspid="44797" ordinal="0" offset="0" sl="6389" sc="0" el="6389" ec="0" bec="0" bev="0" fileid="94" />
                <SequencePoint vc="0" uspid="44798" ordinal="0" offset="1" sl="6390" sc="0" el="6390" ec="0" bec="0" bev="0" fileid="94" />
                <SequencePoint vc="0" uspid="44799" ordinal="0" offset="17" sl="6391" sc="0" el="6391" ec="0" bec="0" bev="0" fileid="94" />
                <SequencePoint vc="0" uspid="44800" ordinal="0" offset="27" sl="6391" sc="0" el="6391" ec="0" bec="0" bev="0" fileid="94" />
                <SequencePoint vc="0" uspid="44801" ordinal="0" offset="28" sl="6392" sc="0" el="6392" ec="0" bec="0" bev="0" fileid="94" />
                <SequencePoint vc="0" uspid="44802" ordinal="0" offset="41" sl="6393" sc="0" el="6393" ec="0" bec="0" bev="0" fileid="94" />
                <SequencePoint vc="0" uspid="44803" ordinal="0" offset="75" sl="6394" sc="0" el="6394" ec="0" bec="0" bev="0" fileid="94" />
                <SequencePoint vc="0" uspid="44804" ordinal="0" offset="76" sl="6395" sc="0" el="6395" ec="0" bec="0" bev="0" fileid="94" />
                <SequencePoint vc="0" uspid="44805" ordinal="0" offset="92" sl="6396" sc="0" el="6396" ec="0" bec="0" bev="0" fileid="94" />
                <SequencePoint vc="0" uspid="44806" ordinal="0" offset="110" sl="6397" sc="0" el="6397" ec="0" bec="0" bev="0" fileid="94" />
                <SequencePoint vc="0" uspid="44807" ordinal="0" offset="132" sl="6398" sc="0" el="6398" ec="0" bec="0" bev="0" fileid="94" />
              </SequencePoints>
              <BranchPoints />
            </Method>
          </Methods>
        </Class>
      </Classes>
    </Module>
  </Modules>
</CoverageSession>